#
# There is insufficient memory for the Java Runtime Environment to continue.
# Native memory allocation (mmap) failed to map 337641472 bytes for G1 virtual space
# Possible reasons:
#   The system is out of physical RAM or swap space
#   The process is running with CompressedOops enabled, and the Java Heap may be blocking the growth of the native heap
# Possible solutions:
#   Reduce memory load on the system
#   Increase physical memory or swap space
#   Check if swap backing store is full
#   Decrease Java heap size (-Xmx/-Xms)
#   Decrease number of Java threads
#   Decrease Java thread stack sizes (-Xss)
#   Set larger code cache with -XX:ReservedCodeCacheSize=
#   JVM is running with Zero Based Compressed Oops mode in which the Java heap is
#     placed in the first 32GB address space. The Java Heap base address is the
#     maximum limit for the native heap growth. Please use -XX:HeapBaseMinAddress
#     to set the Java Heap base and to place the Java Heap above 32GB virtual address.
# This output file may be truncated or incomplete.
#
#  Out of Memory Error (os_windows.cpp:3550), pid=11684, tid=10652
#
# JRE version: Java(TM) SE Runtime Environment (17.0.6+9) (build 17.0.6+9-LTS-190)
# Java VM: Java HotSpot(TM) 64-Bit Server VM (17.0.6+9-LTS-190, mixed mode, emulated-client, sharing, tiered, compressed oops, compressed class ptrs, g1 gc, windows-amd64)
# No core dump will be written. Minidumps are not enabled by default on client versions of Windows
#

---------------  S U M M A R Y ------------

Command Line: -XX:TieredStopAtLevel=1 -Dspring.output.ansi.enabled=always -Dcom.sun.management.jmxremote -Dspring.jmx.enabled=true -Dspring.liveBeansView.mbeanDomain -Dspring.application.admin.enabled=true -Dmanagement.endpoints.jmx.exposure.include=* -javaagent:C:\Program Files\JetBrains\IntelliJ IDEA 2023.3.4\lib\idea_rt.jar=36855:C:\Program Files\JetBrains\IntelliJ IDEA 2023.3.4\bin -Dfile.encoding=UTF-8 sprintpay.com.msstorage.MsstorageApplication

Host: 11th Gen Intel(R) Core(TM) i5-1155G7 @ 2.50GHz, 8 cores, 15G,  Windows 11 , 64 bit Build 22621 (10.0.22621.3958)
Time: Fri Aug 30 16:43:51 2024 Afr. centrale Ouest elapsed time: 164.825013 seconds (0d 0h 2m 44s)

---------------  T H R E A D  ---------------

Current thread (0x0000012fa881bdb0):  VMThread "VM Thread" [stack: 0x000000194c200000,0x000000194c300000] [id=10652]

Stack: [0x000000194c200000,0x000000194c300000]
Native frames: (J=compiled Java code, j=interpreted, Vv=VM code, C=native code)
V  [jvm.dll+0x6734ea]
V  [jvm.dll+0x7d18f4]
V  [jvm.dll+0x7d309e]
V  [jvm.dll+0x7d3703]
V  [jvm.dll+0x2433c5]
V  [jvm.dll+0x6703f9]
V  [jvm.dll+0x664d32]
V  [jvm.dll+0x300086]
V  [jvm.dll+0x307606]
V  [jvm.dll+0x356c1e]
V  [jvm.dll+0x356e4f]
V  [jvm.dll+0x2d72e8]
V  [jvm.dll+0x2d57e5]
V  [jvm.dll+0x2d4dec]
V  [jvm.dll+0x3186a1]
V  [jvm.dll+0x7d7f0b]
V  [jvm.dll+0x7d8c44]
V  [jvm.dll+0x7d915d]
V  [jvm.dll+0x7d9534]
V  [jvm.dll+0x7d9600]
V  [jvm.dll+0x781a7a]
V  [jvm.dll+0x672375]
C  [ucrtbase.dll+0x29333]
C  [KERNEL32.DLL+0x1257d]
C  [ntdll.dll+0x5af28]

VM_Operation (0x000000194eefc5c8): G1TryInitiateConcMark, mode: safepoint, requested by thread 0x0000012fab30c570


---------------  P R O C E S S  ---------------

Threads class SMR info:
_java_thread_list=0x0000012facd28980, length=41, elements={
0x0000012fa881e770, 0x0000012fa881f230, 0x0000012fa882f260, 0x0000012fa8831c30,
0x0000012fa88324f0, 0x0000012fa88353d0, 0x0000012fa8842c90, 0x0000012fa8846de0,
0x0000012fa8920e90, 0x0000012fa9ab06c0, 0x0000012fa9ab0b90, 0x0000012fa9dab5f0,
0x0000012faaef4040, 0x0000012faacd8c10, 0x0000012faab00c60, 0x0000012faab29230,
0x0000012faafa03b0, 0x0000012fab30bbd0, 0x0000012fab30ca40, 0x0000012fab30ad60,
0x0000012fab309080, 0x0000012fab30b230, 0x0000012fab309550, 0x0000012fab309a20,
0x0000012fab30b700, 0x0000012fab30c0a0, 0x0000012fab30c570, 0x0000012fab309ef0,
0x0000012fb0225000, 0x0000012fb02254d0, 0x0000012fb02259a0, 0x0000012fb0221170,
0x0000012fb0221640, 0x0000012fb02224b0, 0x0000012fb0226340, 0x0000012fb021f960,
0x0000012fb0225e70, 0x0000012fb0221b10, 0x0000012fb0221fe0, 0x0000012fb0224b30,
0x0000012fa892fa70
}

Java Threads: ( => current thread )
  0x0000012fa881e770 JavaThread "Reference Handler" daemon [_thread_blocked, id=24024, stack(0x000000194c300000,0x000000194c400000)]
  0x0000012fa881f230 JavaThread "Finalizer" daemon [_thread_blocked, id=2208, stack(0x000000194c400000,0x000000194c500000)]
  0x0000012fa882f260 JavaThread "Signal Dispatcher" daemon [_thread_blocked, id=9148, stack(0x000000194c500000,0x000000194c600000)]
  0x0000012fa8831c30 JavaThread "Attach Listener" daemon [_thread_blocked, id=11136, stack(0x000000194c600000,0x000000194c700000)]
  0x0000012fa88324f0 JavaThread "Service Thread" daemon [_thread_blocked, id=2488, stack(0x000000194c700000,0x000000194c800000)]
  0x0000012fa88353d0 JavaThread "Monitor Deflation Thread" daemon [_thread_blocked, id=13348, stack(0x000000194c800000,0x000000194c900000)]
  0x0000012fa8842c90 JavaThread "C1 CompilerThread0" daemon [_thread_blocked, id=10244, stack(0x000000194c900000,0x000000194ca00000)]
  0x0000012fa8846de0 JavaThread "Sweeper thread" daemon [_thread_blocked, id=3764, stack(0x000000194ca00000,0x000000194cb00000)]
  0x0000012fa8920e90 JavaThread "Common-Cleaner" daemon [_thread_blocked, id=25612, stack(0x000000194cb00000,0x000000194cc00000)]
  0x0000012fa9ab06c0 JavaThread "Monitor Ctrl-Break" daemon [_thread_in_native, id=19724, stack(0x000000194ce00000,0x000000194cf00000)]
  0x0000012fa9ab0b90 JavaThread "Notification Thread" daemon [_thread_blocked, id=17824, stack(0x000000194cf00000,0x000000194d000000)]
  0x0000012fa9dab5f0 JavaThread "RMI TCP Accept-0" daemon [_thread_in_native, id=6380, stack(0x000000194d000000,0x000000194d100000)]
  0x0000012faaef4040 JavaThread "Catalina-utility-1" [_thread_blocked, id=7740, stack(0x000000194dd00000,0x000000194de00000)]
  0x0000012faacd8c10 JavaThread "Catalina-utility-2" [_thread_blocked, id=10752, stack(0x000000194de00000,0x000000194df00000)]
  0x0000012faab00c60 JavaThread "container-0" [_thread_blocked, id=16352, stack(0x000000194df00000,0x000000194e000000)]
  0x0000012faab29230 JavaThread "mysql-cj-abandoned-connection-cleanup" daemon [_thread_blocked, id=20204, stack(0x000000194e000000,0x000000194e100000)]
  0x0000012faafa03b0 JavaThread "HikariPool-1 housekeeper" daemon [_thread_blocked, id=9464, stack(0x000000194e200000,0x000000194e300000)]
  0x0000012fab30bbd0 JavaThread "spring.cloud.inetutils" daemon [_thread_blocked, id=6936, stack(0x000000194e500000,0x000000194e600000)]
  0x0000012fab30ca40 JavaThread "http-nio-7005-exec-1" daemon [_thread_blocked, id=25976, stack(0x000000194e600000,0x000000194e700000)]
  0x0000012fab30ad60 JavaThread "http-nio-7005-exec-2" daemon [_thread_blocked, id=14548, stack(0x000000194e700000,0x000000194e800000)]
  0x0000012fab309080 JavaThread "http-nio-7005-exec-3" daemon [_thread_blocked, id=19192, stack(0x000000194e800000,0x000000194e900000)]
  0x0000012fab30b230 JavaThread "http-nio-7005-exec-4" daemon [_thread_blocked, id=18936, stack(0x000000194e900000,0x000000194ea00000)]
  0x0000012fab309550 JavaThread "http-nio-7005-exec-5" daemon [_thread_blocked, id=26128, stack(0x000000194ea00000,0x000000194eb00000)]
  0x0000012fab309a20 JavaThread "http-nio-7005-exec-6" daemon [_thread_blocked, id=13252, stack(0x000000194eb00000,0x000000194ec00000)]
  0x0000012fab30b700 JavaThread "http-nio-7005-exec-7" daemon [_thread_blocked, id=16904, stack(0x000000194ec00000,0x000000194ed00000)]
  0x0000012fab30c0a0 JavaThread "http-nio-7005-exec-8" daemon [_thread_blocked, id=25148, stack(0x000000194ed00000,0x000000194ee00000)]
  0x0000012fab30c570 JavaThread "http-nio-7005-exec-9" daemon [_thread_blocked, id=25304, stack(0x000000194ee00000,0x000000194ef00000)]
  0x0000012fab309ef0 JavaThread "http-nio-7005-exec-10" daemon [_thread_blocked, id=18320, stack(0x000000194ef00000,0x000000194f000000)]
  0x0000012fb0225000 JavaThread "http-nio-7005-Poller" daemon [_thread_in_native, id=25928, stack(0x000000194f000000,0x000000194f100000)]
  0x0000012fb02254d0 JavaThread "http-nio-7005-Acceptor" daemon [_thread_in_native, id=22732, stack(0x000000194f100000,0x000000194f200000)]
  0x0000012fb02259a0 JavaThread "DestroyJavaVM" [_thread_blocked, id=20088, stack(0x000000194bc00000,0x000000194bd00000)]
  0x0000012fb0221170 JavaThread "OkHttp TaskRunner" daemon [_thread_blocked, id=24016, stack(0x000000194db00000,0x000000194dc00000)]
  0x0000012fb0221640 JavaThread "Okio Watchdog" daemon [_thread_blocked, id=19444, stack(0x000000194e300000,0x000000194e400000)]
  0x0000012fb02224b0 JavaThread "ForkJoinPool.commonPool-worker-2" daemon [_thread_blocked, id=18316, stack(0x000000194f300000,0x000000194f400000)]
  0x0000012fb0226340 JavaThread "ForkJoinPool.commonPool-worker-3" daemon [_thread_blocked, id=6248, stack(0x000000194f400000,0x000000194f500000)]
  0x0000012fb021f960 JavaThread "ForkJoinPool.commonPool-worker-4" daemon [_thread_blocked, id=26468, stack(0x000000194f500000,0x000000194f600000)]
  0x0000012fb0225e70 JavaThread "ForkJoinPool.commonPool-worker-5" daemon [_thread_blocked, id=15884, stack(0x000000194f600000,0x000000194f700000)]
  0x0000012fb0221b10 JavaThread "ForkJoinPool.commonPool-worker-6" daemon [_thread_blocked, id=17388, stack(0x000000194f700000,0x000000194f800000)]
  0x0000012fb0221fe0 JavaThread "ForkJoinPool.commonPool-worker-7" daemon [_thread_blocked, id=8012, stack(0x000000194f800000,0x000000194f900000)]
  0x0000012fb0224b30 JavaThread "OkHttp Dispatcher" [_thread_blocked, id=8652, stack(0x000000194b900000,0x000000194ba00000)]
  0x0000012fa892fa70 JavaThread "C1 CompilerThread1" daemon [_thread_blocked, id=18168, stack(0x000000194ba00000,0x000000194bb00000)]

Other Threads:
=>0x0000012fa881bdb0 VMThread "VM Thread" [stack: 0x000000194c200000,0x000000194c300000] [id=10652]
  0x0000012f91d59190 WatcherThread [stack: 0x000000194d100000,0x000000194d200000] [id=22360]
  0x0000012f91dc29c0 GCTaskThread "GC Thread#0" [stack: 0x000000194bd00000,0x000000194be00000] [id=22664]
  0x0000012fa9f76b90 GCTaskThread "GC Thread#1" [stack: 0x000000194d200000,0x000000194d300000] [id=20968]
  0x0000012fa9f76e40 GCTaskThread "GC Thread#2" [stack: 0x000000194d300000,0x000000194d400000] [id=17324]
  0x0000012fa9f770f0 GCTaskThread "GC Thread#3" [stack: 0x000000194d400000,0x000000194d500000] [id=20400]
  0x0000012fa9f773a0 GCTaskThread "GC Thread#4" [stack: 0x000000194d500000,0x000000194d600000] [id=25708]
  0x0000012fa9f8c480 GCTaskThread "GC Thread#5" [stack: 0x000000194d600000,0x000000194d700000] [id=21944]
  0x0000012fa9fcbab0 GCTaskThread "GC Thread#6" [stack: 0x000000194d700000,0x000000194d800000] [id=18124]
  0x0000012fa9fcc170 GCTaskThread "GC Thread#7" [stack: 0x000000194d800000,0x000000194d900000] [id=17416]
  0x0000012f91dd34a0 ConcurrentGCThread "G1 Main Marker" [stack: 0x000000194be00000,0x000000194bf00000] [id=22156]
  0x0000012f91dd3dc0 ConcurrentGCThread "G1 Conc#0" [stack: 0x000000194bf00000,0x000000194c000000] [id=15916]
  0x0000012faab8bca0 ConcurrentGCThread "G1 Conc#1" [stack: 0x000000194dc00000,0x000000194dd00000] [id=22388]
  0x0000012f91e0e9f0 ConcurrentGCThread "G1 Refine#0" [stack: 0x000000194c000000,0x000000194c100000] [id=23600]
  0x0000012fa9fcd4c0 ConcurrentGCThread "G1 Refine#1" [stack: 0x000000194d900000,0x000000194da00000] [id=26448]
  0x0000012fa9fcdbb0 ConcurrentGCThread "G1 Refine#2" [stack: 0x000000194da00000,0x000000194db00000] [id=18004]
  0x0000012fa8076810 ConcurrentGCThread "G1 Service" [stack: 0x000000194c100000,0x000000194c200000] [id=14220]

Threads with active compile tasks:

VM state: at safepoint (normal execution)

VM Mutex/Monitor currently owned by a thread:  ([mutex/lock_event])
[0x0000012f91d54270] Threads_lock - owner thread: 0x0000012fa881bdb0
[0x0000012f91d54300] Heap_lock - owner thread: 0x0000012fab30c570

Heap address: 0x0000000703600000, size: 4042 MB, Compressed Oops mode: Zero based, Oop shift amount: 3

CDS archive(s) mapped at: [0x0000000800000000-0x0000000800bd0000-0x0000000800bd0000), size 12386304, SharedBaseAddress: 0x0000000800000000, ArchiveRelocationMode: 0.
Compressed class space mapped at: 0x0000000800c00000-0x0000000840c00000, reserved size: 1073741824
Narrow klass base: 0x0000000800000000, Narrow klass shift: 0, Narrow klass range: 0x100000000

GC Precious Log:
 CPUs: 8 total, 8 available
 Memory: 16167M
 Large Page Support: Disabled
 NUMA Support: Disabled
 Compressed Oops: Enabled (Zero based)
 Heap Region Size: 2M
 Heap Min Capacity: 8M
 Heap Initial Capacity: 254M
 Heap Max Capacity: 4042M
 Pre-touch: Disabled
 Parallel Workers: 8
 Concurrent Workers: 2
 Concurrent Refinement Workers: 8
 Periodic GC: Disabled

Heap:
 garbage-first heap   total 315392K, used 158468K [0x0000000703600000, 0x0000000800000000)
  region size 2048K, 4 young (8192K), 4 survivors (8192K)
 Metaspace       used 80941K, committed 81536K, reserved 1122304K
  class space    used 11429K, committed 11712K, reserved 1048576K

Heap Regions: E=young(eden), S=young(survivor), O=old, HS=humongous(starts), HC=humongous(continues), CS=collection set, F=free, OA=open archive, CA=closed archive, TAMS=top-at-mark-start (previous, next)
|   0|0x0000000703600000, 0x0000000703800000, 0x0000000703800000|100%| O|  |TAMS 0x0000000703800000, 0x0000000703800000| Untracked 
|   1|0x0000000703800000, 0x0000000703a00000, 0x0000000703a00000|100%| O|  |TAMS 0x0000000703a00000, 0x0000000703a00000| Untracked 
|   2|0x0000000703a00000, 0x0000000703c00000, 0x0000000703c00000|100%| O|  |TAMS 0x0000000703c00000, 0x0000000703c00000| Untracked 
|   3|0x0000000703c00000, 0x0000000703e00000, 0x0000000703e00000|100%| O|  |TAMS 0x0000000703e00000, 0x0000000703e00000| Untracked 
|   4|0x0000000703e00000, 0x0000000704000000, 0x0000000704000000|100%| O|  |TAMS 0x0000000704000000, 0x0000000704000000| Untracked 
|   5|0x0000000704000000, 0x0000000704200000, 0x0000000704200000|100%| O|  |TAMS 0x0000000704200000, 0x0000000704200000| Untracked 
|   6|0x0000000704200000, 0x0000000704400000, 0x0000000704400000|100%| O|  |TAMS 0x0000000704400000, 0x0000000704400000| Untracked 
|   7|0x0000000704400000, 0x0000000704600000, 0x0000000704600000|100%| O|  |TAMS 0x0000000704600000, 0x0000000704600000| Untracked 
|   8|0x0000000704600000, 0x0000000704800000, 0x0000000704800000|100%| O|  |TAMS 0x0000000704800000, 0x0000000704800000| Untracked 
|   9|0x0000000704800000, 0x0000000704a00000, 0x0000000704a00000|100%| O|  |TAMS 0x0000000704a00000, 0x0000000704a00000| Untracked 
|  10|0x0000000704a00000, 0x0000000704c00000, 0x0000000704c00000|100%| O|  |TAMS 0x0000000704c00000, 0x0000000704c00000| Untracked 
|  11|0x0000000704c00000, 0x0000000704e00000, 0x0000000704e00000|100%| O|  |TAMS 0x0000000704c00000, 0x0000000704e00000| Untracked 
|  12|0x0000000704e00000, 0x0000000705000000, 0x0000000705000000|100%| O|  |TAMS 0x0000000705000000, 0x0000000705000000| Untracked 
|  13|0x0000000705000000, 0x0000000705200000, 0x0000000705200000|100%| O|  |TAMS 0x0000000705200000, 0x0000000705200000| Untracked 
|  14|0x0000000705200000, 0x0000000705400000, 0x0000000705400000|100%| O|  |TAMS 0x0000000705400000, 0x0000000705400000| Untracked 
|  15|0x0000000705400000, 0x0000000705600000, 0x0000000705600000|100%| O|  |TAMS 0x0000000705600000, 0x0000000705600000| Untracked 
|  16|0x0000000705600000, 0x0000000705800000, 0x0000000705800000|100%| O|  |TAMS 0x0000000705800000, 0x0000000705800000| Untracked 
|  17|0x0000000705800000, 0x0000000705a00000, 0x0000000705a00000|100%| O|  |TAMS 0x0000000705a00000, 0x0000000705a00000| Untracked 
|  18|0x0000000705a00000, 0x0000000705c00000, 0x0000000705c00000|100%| O|  |TAMS 0x0000000705c00000, 0x0000000705c00000| Untracked 
|  19|0x0000000705c00000, 0x0000000705e00000, 0x0000000705e00000|100%| O|  |TAMS 0x0000000705c00000, 0x0000000705e00000| Untracked 
|  20|0x0000000705e00000, 0x0000000706000000, 0x0000000706000000|100%| O|  |TAMS 0x0000000705e00000, 0x0000000706000000| Untracked 
|  21|0x0000000706000000, 0x0000000706200000, 0x0000000706200000|100%| O|  |TAMS 0x0000000706000000, 0x0000000706200000| Untracked 
|  22|0x0000000706200000, 0x0000000706400000, 0x0000000706400000|100%| O|  |TAMS 0x0000000706200000, 0x0000000706400000| Untracked 
|  23|0x0000000706400000, 0x0000000706600000, 0x0000000706600000|100%| O|  |TAMS 0x0000000706400000, 0x0000000706600000| Untracked 
|  24|0x0000000706600000, 0x0000000706800000, 0x0000000706800000|100%| O|  |TAMS 0x0000000706600000, 0x0000000706800000| Untracked 
|  25|0x0000000706800000, 0x0000000706a00000, 0x0000000706a00000|100%| O|  |TAMS 0x0000000706800000, 0x0000000706a00000| Untracked 
|  26|0x0000000706a00000, 0x0000000706c00000, 0x0000000706c00000|100%| O|  |TAMS 0x0000000706a00000, 0x0000000706c00000| Untracked 
|  27|0x0000000706c00000, 0x0000000706e00000, 0x0000000706e00000|100%| O|  |TAMS 0x0000000706c00000, 0x0000000706e00000| Untracked 
|  28|0x0000000706e00000, 0x0000000707000000, 0x0000000707000000|100%| O|  |TAMS 0x0000000706e00000, 0x0000000707000000| Untracked 
|  29|0x0000000707000000, 0x0000000707200000, 0x0000000707200000|100%| O|  |TAMS 0x0000000707000000, 0x0000000707000000| Untracked 
|  30|0x0000000707200000, 0x0000000707400000, 0x0000000707400000|100%| O|  |TAMS 0x0000000707200000, 0x0000000707400000| Untracked 
|  31|0x0000000707400000, 0x0000000707600000, 0x0000000707600000|100%| O|  |TAMS 0x0000000707400000, 0x0000000707600000| Untracked 
|  32|0x0000000707600000, 0x0000000707800000, 0x0000000707800000|100%| O|  |TAMS 0x0000000707600000, 0x0000000707800000| Untracked 
|  33|0x0000000707800000, 0x0000000707a00000, 0x0000000707a00000|100%| O|  |TAMS 0x0000000707800000, 0x0000000707a00000| Untracked 
|  34|0x0000000707a00000, 0x0000000707c00000, 0x0000000707c00000|100%| O|  |TAMS 0x0000000707a00000, 0x0000000707a00000| Untracked 
|  35|0x0000000707c00000, 0x0000000707e00000, 0x0000000707e00000|100%| O|  |TAMS 0x0000000707c00000, 0x0000000707c00000| Untracked 
|  36|0x0000000707e00000, 0x0000000708000000, 0x0000000708000000|100%| O|  |TAMS 0x0000000707e00000, 0x0000000708000000| Untracked 
|  37|0x0000000708000000, 0x0000000708200000, 0x0000000708200000|100%| O|  |TAMS 0x0000000708000000, 0x0000000708200000| Untracked 
|  38|0x0000000708200000, 0x0000000708400000, 0x0000000708400000|100%| O|  |TAMS 0x0000000708200000, 0x0000000708400000| Untracked 
|  39|0x0000000708400000, 0x0000000708600000, 0x0000000708600000|100%| O|  |TAMS 0x0000000708400000, 0x0000000708600000| Untracked 
|  40|0x0000000708600000, 0x0000000708800000, 0x0000000708800000|100%| O|  |TAMS 0x0000000708600000, 0x0000000708600000| Untracked 
|  41|0x0000000708800000, 0x0000000708a00000, 0x0000000708a00000|100%| O|  |TAMS 0x0000000708800000, 0x0000000708a00000| Untracked 
|  42|0x0000000708a00000, 0x0000000708c00000, 0x0000000708c00000|100%| O|  |TAMS 0x0000000708c00000, 0x0000000708c00000| Untracked 
|  43|0x0000000708c00000, 0x0000000708e00000, 0x0000000708e00000|100%| O|  |TAMS 0x0000000708e00000, 0x0000000708e00000| Untracked 
|  44|0x0000000708e00000, 0x0000000709000000, 0x0000000709000000|100%| O|  |TAMS 0x0000000709000000, 0x0000000709000000| Untracked 
|  45|0x0000000709000000, 0x0000000709200000, 0x0000000709200000|100%| O|  |TAMS 0x0000000709200000, 0x0000000709200000| Untracked 
|  46|0x0000000709200000, 0x00000007092c1000, 0x0000000709400000| 37%| O|  |TAMS 0x0000000709200000, 0x0000000709200000| Untracked 
|  47|0x0000000709400000, 0x0000000709600000, 0x0000000709600000|100%| O|  |TAMS 0x0000000709400000, 0x0000000709600000| Untracked 
|  48|0x0000000709600000, 0x0000000709800000, 0x0000000709800000|100%| O|  |TAMS 0x0000000709600000, 0x0000000709800000| Untracked 
|  49|0x0000000709800000, 0x0000000709a00000, 0x0000000709a00000|100%| O|  |TAMS 0x0000000709800000, 0x0000000709a00000| Untracked 
|  50|0x0000000709a00000, 0x0000000709c00000, 0x0000000709c00000|100%| O|  |TAMS 0x0000000709a00000, 0x0000000709c00000| Untracked 
|  51|0x0000000709c00000, 0x0000000709e00000, 0x0000000709e00000|100%| O|  |TAMS 0x0000000709c00000, 0x0000000709e00000| Untracked 
|  52|0x0000000709e00000, 0x000000070a000000, 0x000000070a000000|100%| O|  |TAMS 0x0000000709e00000, 0x000000070a000000| Untracked 
|  53|0x000000070a000000, 0x000000070a200000, 0x000000070a200000|100%| O|  |TAMS 0x000000070a000000, 0x000000070a200000| Untracked 
|  54|0x000000070a200000, 0x000000070a400000, 0x000000070a400000|100%| O|  |TAMS 0x000000070a200000, 0x000000070a400000| Untracked 
|  55|0x000000070a400000, 0x000000070a600000, 0x000000070a600000|100%| O|  |TAMS 0x000000070a400000, 0x000000070a600000| Untracked 
|  56|0x000000070a600000, 0x000000070a800000, 0x000000070a800000|100%| O|  |TAMS 0x000000070a600000, 0x000000070a73ba00| Untracked 
|  57|0x000000070a800000, 0x000000070a800000, 0x000000070aa00000|  0%| F|  |TAMS 0x000000070a800000, 0x000000070a800000| Untracked 
|  58|0x000000070aa00000, 0x000000070aa00000, 0x000000070ac00000|  0%| F|  |TAMS 0x000000070aa00000, 0x000000070aa00000| Untracked 
|  59|0x000000070ac00000, 0x000000070ac00000, 0x000000070ae00000|  0%| F|  |TAMS 0x000000070ac00000, 0x000000070ac00000| Untracked 
|  60|0x000000070ae00000, 0x000000070ae00000, 0x000000070b000000|  0%| F|  |TAMS 0x000000070ae00000, 0x000000070ae00000| Untracked 
|  61|0x000000070b000000, 0x000000070b000000, 0x000000070b200000|  0%| F|  |TAMS 0x000000070b000000, 0x000000070b000000| Untracked 
|  62|0x000000070b200000, 0x000000070b200000, 0x000000070b400000|  0%| F|  |TAMS 0x000000070b200000, 0x000000070b200000| Untracked 
|  63|0x000000070b400000, 0x000000070b400000, 0x000000070b600000|  0%| F|  |TAMS 0x000000070b400000, 0x000000070b400000| Untracked 
|  64|0x000000070b600000, 0x000000070b600000, 0x000000070b800000|  0%| F|  |TAMS 0x000000070b600000, 0x000000070b600000| Untracked 
|  65|0x000000070b800000, 0x000000070b800000, 0x000000070ba00000|  0%| F|  |TAMS 0x000000070b800000, 0x000000070b800000| Untracked 
|  66|0x000000070ba00000, 0x000000070bc00000, 0x000000070bc00000|100%| O|  |TAMS 0x000000070bc00000, 0x000000070bc00000| Untracked 
|  67|0x000000070bc00000, 0x000000070be00000, 0x000000070be00000|100%| O|  |TAMS 0x000000070be00000, 0x000000070be00000| Untracked 
|  68|0x000000070be00000, 0x000000070c000000, 0x000000070c000000|100%| O|  |TAMS 0x000000070c000000, 0x000000070c000000| Untracked 
|  69|0x000000070c000000, 0x000000070c200000, 0x000000070c200000|100%| O|  |TAMS 0x000000070c200000, 0x000000070c200000| Untracked 
|  70|0x000000070c200000, 0x000000070c400000, 0x000000070c400000|100%| O|  |TAMS 0x000000070c400000, 0x000000070c400000| Untracked 
|  71|0x000000070c400000, 0x000000070c600000, 0x000000070c600000|100%| O|  |TAMS 0x000000070c600000, 0x000000070c600000| Untracked 
|  72|0x000000070c600000, 0x000000070c800000, 0x000000070c800000|100%| O|  |TAMS 0x000000070c800000, 0x000000070c800000| Untracked 
|  73|0x000000070c800000, 0x000000070ca00000, 0x000000070ca00000|100%| O|  |TAMS 0x000000070ca00000, 0x000000070ca00000| Untracked 
|  74|0x000000070ca00000, 0x000000070cc00000, 0x000000070cc00000|100%| O|  |TAMS 0x000000070cc00000, 0x000000070cc00000| Untracked 
|  75|0x000000070cc00000, 0x000000070ce00000, 0x000000070ce00000|100%| O|  |TAMS 0x000000070ce00000, 0x000000070ce00000| Untracked 
|  76|0x000000070ce00000, 0x000000070d000000, 0x000000070d000000|100%| O|  |TAMS 0x000000070d000000, 0x000000070d000000| Untracked 
|  77|0x000000070d000000, 0x000000070d200000, 0x000000070d200000|100%| O|  |TAMS 0x000000070d200000, 0x000000070d200000| Untracked 
|  78|0x000000070d200000, 0x000000070d400000, 0x000000070d400000|100%| O|  |TAMS 0x000000070d400000, 0x000000070d400000| Untracked 
|  79|0x000000070d400000, 0x000000070d600000, 0x000000070d600000|100%| O|  |TAMS 0x000000070d600000, 0x000000070d600000| Untracked 
|  80|0x000000070d600000, 0x000000070d800000, 0x000000070d800000|100%| O|  |TAMS 0x000000070d800000, 0x000000070d800000| Untracked 
|  81|0x000000070d800000, 0x000000070da00000, 0x000000070da00000|100%| O|  |TAMS 0x000000070da00000, 0x000000070da00000| Untracked 
|  82|0x000000070da00000, 0x000000070dc00000, 0x000000070dc00000|100%| O|  |TAMS 0x000000070daad200, 0x000000070dc00000| Untracked 
|  83|0x000000070dc00000, 0x000000070dc00000, 0x000000070de00000|  0%| F|  |TAMS 0x000000070dc00000, 0x000000070dc00000| Untracked 
|  84|0x000000070de00000, 0x000000070de00000, 0x000000070e000000|  0%| F|  |TAMS 0x000000070de00000, 0x000000070de00000| Untracked 
|  85|0x000000070e000000, 0x000000070e000000, 0x000000070e200000|  0%| F|  |TAMS 0x000000070e000000, 0x000000070e000000| Untracked 
|  86|0x000000070e200000, 0x000000070e200000, 0x000000070e400000|  0%| F|  |TAMS 0x000000070e200000, 0x000000070e200000| Untracked 
|  87|0x000000070e400000, 0x000000070e400000, 0x000000070e600000|  0%| F|  |TAMS 0x000000070e400000, 0x000000070e400000| Untracked 
|  88|0x000000070e600000, 0x000000070e600000, 0x000000070e800000|  0%| F|  |TAMS 0x000000070e600000, 0x000000070e600000| Untracked 
|  89|0x000000070e800000, 0x000000070e800000, 0x000000070ea00000|  0%| F|  |TAMS 0x000000070e800000, 0x000000070e800000| Untracked 
|  90|0x000000070ea00000, 0x000000070ea00000, 0x000000070ec00000|  0%| F|  |TAMS 0x000000070ea00000, 0x000000070ea00000| Untracked 
|  91|0x000000070ec00000, 0x000000070ec00000, 0x000000070ee00000|  0%| F|  |TAMS 0x000000070ec00000, 0x000000070ec00000| Untracked 
|  92|0x000000070ee00000, 0x000000070ee00000, 0x000000070f000000|  0%| F|  |TAMS 0x000000070ee00000, 0x000000070ee00000| Untracked 
|  93|0x000000070f000000, 0x000000070f000000, 0x000000070f200000|  0%| F|  |TAMS 0x000000070f000000, 0x000000070f000000| Untracked 
|  94|0x000000070f200000, 0x000000070f200000, 0x000000070f400000|  0%| F|  |TAMS 0x000000070f200000, 0x000000070f200000| Untracked 
|  95|0x000000070f400000, 0x000000070f400000, 0x000000070f600000|  0%| F|  |TAMS 0x000000070f400000, 0x000000070f400000| Untracked 
|  96|0x000000070f600000, 0x000000070f600000, 0x000000070f800000|  0%| F|  |TAMS 0x000000070f600000, 0x000000070f600000| Untracked 
|  97|0x000000070f800000, 0x000000070f800000, 0x000000070fa00000|  0%| F|  |TAMS 0x000000070f800000, 0x000000070f800000| Untracked 
|  98|0x000000070fa00000, 0x000000070fa00000, 0x000000070fc00000|  0%| F|  |TAMS 0x000000070fa00000, 0x000000070fa00000| Untracked 
|  99|0x000000070fc00000, 0x000000070fc00000, 0x000000070fe00000|  0%| F|  |TAMS 0x000000070fc00000, 0x000000070fc00000| Untracked 
| 100|0x000000070fe00000, 0x000000070fe00000, 0x0000000710000000|  0%| F|  |TAMS 0x000000070fe00000, 0x000000070fe00000| Untracked 
| 101|0x0000000710000000, 0x0000000710000000, 0x0000000710200000|  0%| F|  |TAMS 0x0000000710000000, 0x0000000710000000| Untracked 
| 102|0x0000000710200000, 0x0000000710200000, 0x0000000710400000|  0%| F|  |TAMS 0x0000000710200000, 0x0000000710200000| Untracked 
| 103|0x0000000710400000, 0x0000000710400000, 0x0000000710600000|  0%| F|  |TAMS 0x0000000710400000, 0x0000000710400000| Untracked 
| 104|0x0000000710600000, 0x0000000710600000, 0x0000000710800000|  0%| F|  |TAMS 0x0000000710600000, 0x0000000710600000| Untracked 
| 105|0x0000000710800000, 0x0000000710800000, 0x0000000710a00000|  0%| F|  |TAMS 0x0000000710800000, 0x0000000710800000| Untracked 
| 106|0x0000000710a00000, 0x0000000710a00000, 0x0000000710c00000|  0%| F|  |TAMS 0x0000000710a00000, 0x0000000710a00000| Untracked 
| 107|0x0000000710c00000, 0x0000000710c00000, 0x0000000710e00000|  0%| F|  |TAMS 0x0000000710c00000, 0x0000000710c00000| Untracked 
| 108|0x0000000710e00000, 0x0000000710e00000, 0x0000000711000000|  0%| F|  |TAMS 0x0000000710e00000, 0x0000000710e00000| Untracked 
| 109|0x0000000711000000, 0x0000000711000000, 0x0000000711200000|  0%| F|  |TAMS 0x0000000711000000, 0x0000000711000000| Untracked 
| 110|0x0000000711200000, 0x0000000711200000, 0x0000000711400000|  0%| F|  |TAMS 0x0000000711200000, 0x0000000711200000| Untracked 
| 111|0x0000000711400000, 0x0000000711400000, 0x0000000711600000|  0%| F|  |TAMS 0x0000000711400000, 0x0000000711400000| Untracked 
| 112|0x0000000711600000, 0x0000000711600000, 0x0000000711800000|  0%| F|  |TAMS 0x0000000711600000, 0x0000000711600000| Untracked 
| 113|0x0000000711800000, 0x0000000711800000, 0x0000000711a00000|  0%| F|  |TAMS 0x0000000711800000, 0x0000000711800000| Untracked 
| 114|0x0000000711a00000, 0x0000000711a00000, 0x0000000711c00000|  0%| F|  |TAMS 0x0000000711a00000, 0x0000000711a00000| Untracked 
| 115|0x0000000711c00000, 0x0000000711c00000, 0x0000000711e00000|  0%| F|  |TAMS 0x0000000711c00000, 0x0000000711c00000| Untracked 
| 116|0x0000000711e00000, 0x0000000711e00000, 0x0000000712000000|  0%| F|  |TAMS 0x0000000711e00000, 0x0000000711e00000| Untracked 
| 117|0x0000000712000000, 0x0000000712000000, 0x0000000712200000|  0%| F|  |TAMS 0x0000000712000000, 0x0000000712000000| Untracked 
| 118|0x0000000712200000, 0x0000000712200000, 0x0000000712400000|  0%| F|  |TAMS 0x0000000712200000, 0x0000000712200000| Untracked 
| 119|0x0000000712400000, 0x0000000712400000, 0x0000000712600000|  0%| F|  |TAMS 0x0000000712400000, 0x0000000712400000| Untracked 
| 120|0x0000000712600000, 0x0000000712600000, 0x0000000712800000|  0%| F|  |TAMS 0x0000000712600000, 0x0000000712600000| Untracked 
| 121|0x0000000712800000, 0x0000000712800000, 0x0000000712a00000|  0%| F|  |TAMS 0x0000000712800000, 0x0000000712800000| Untracked 
| 122|0x0000000712a00000, 0x0000000712a00000, 0x0000000712c00000|  0%| F|  |TAMS 0x0000000712a00000, 0x0000000712a00000| Untracked 
| 123|0x0000000712c00000, 0x0000000712c00000, 0x0000000712e00000|  0%| F|  |TAMS 0x0000000712c00000, 0x0000000712c00000| Untracked 
| 124|0x0000000712e00000, 0x0000000712e00000, 0x0000000713000000|  0%| F|  |TAMS 0x0000000712e00000, 0x0000000712e00000| Untracked 
| 125|0x0000000713000000, 0x0000000713000000, 0x0000000713200000|  0%| F|  |TAMS 0x0000000713000000, 0x0000000713000000| Untracked 
| 126|0x0000000713200000, 0x0000000713200000, 0x0000000713400000|  0%| F|  |TAMS 0x0000000713200000, 0x0000000713200000| Untracked 
| 127|0x0000000713400000, 0x0000000713400000, 0x0000000713600000|  0%| F|  |TAMS 0x0000000713400000, 0x0000000713400000| Untracked 
| 128|0x0000000713600000, 0x0000000713600000, 0x0000000713800000|  0%| F|  |TAMS 0x0000000713600000, 0x0000000713600000| Untracked 
| 129|0x0000000713800000, 0x0000000713800000, 0x0000000713a00000|  0%| F|  |TAMS 0x0000000713800000, 0x0000000713800000| Untracked 
| 130|0x0000000713a00000, 0x0000000713a00000, 0x0000000713c00000|  0%| F|  |TAMS 0x0000000713a00000, 0x0000000713a00000| Untracked 
| 131|0x0000000713c00000, 0x0000000713c00000, 0x0000000713e00000|  0%| F|  |TAMS 0x0000000713c00000, 0x0000000713c00000| Untracked 
| 132|0x0000000713e00000, 0x0000000713e00000, 0x0000000714000000|  0%| F|  |TAMS 0x0000000713e00000, 0x0000000713e00000| Untracked 
| 133|0x0000000714000000, 0x0000000714000000, 0x0000000714200000|  0%| F|  |TAMS 0x0000000714000000, 0x0000000714000000| Untracked 
| 134|0x0000000714200000, 0x0000000714200000, 0x0000000714400000|  0%| F|  |TAMS 0x0000000714200000, 0x0000000714200000| Untracked 
| 135|0x0000000714400000, 0x0000000714400000, 0x0000000714600000|  0%| F|  |TAMS 0x0000000714400000, 0x0000000714400000| Untracked 
| 136|0x0000000714600000, 0x0000000714600000, 0x0000000714800000|  0%| F|  |TAMS 0x0000000714600000, 0x0000000714600000| Untracked 
| 137|0x0000000714800000, 0x0000000714800000, 0x0000000714a00000|  0%| F|  |TAMS 0x0000000714800000, 0x0000000714800000| Untracked 
| 138|0x0000000714a00000, 0x0000000714a00000, 0x0000000714c00000|  0%| F|  |TAMS 0x0000000714a00000, 0x0000000714a00000| Untracked 
| 139|0x0000000714c00000, 0x0000000714c00000, 0x0000000714e00000|  0%| F|  |TAMS 0x0000000714c00000, 0x0000000714c00000| Untracked 
| 140|0x0000000714e00000, 0x0000000714e00000, 0x0000000715000000|  0%| F|  |TAMS 0x0000000714e00000, 0x0000000714e00000| Untracked 
| 141|0x0000000715000000, 0x0000000715200000, 0x0000000715200000|100%| S|CS|TAMS 0x0000000715000000, 0x0000000715000000| Complete 
| 142|0x0000000715200000, 0x0000000715400000, 0x0000000715400000|100%| S|CS|TAMS 0x0000000715200000, 0x0000000715200000| Complete 
| 143|0x0000000715400000, 0x0000000715600000, 0x0000000715600000|100%| S|CS|TAMS 0x0000000715400000, 0x0000000715400000| Complete 
| 144|0x0000000715600000, 0x0000000715800000, 0x0000000715800000|100%| S|CS|TAMS 0x0000000715600000, 0x0000000715600000| Complete 
| 145|0x0000000715800000, 0x0000000715800000, 0x0000000715a00000|  0%| F|  |TAMS 0x0000000715800000, 0x0000000715800000| Untracked 
| 146|0x0000000715a00000, 0x0000000715a00000, 0x0000000715c00000|  0%| F|  |TAMS 0x0000000715a00000, 0x0000000715a00000| Untracked 
| 147|0x0000000715c00000, 0x0000000715c00000, 0x0000000715e00000|  0%| F|  |TAMS 0x0000000715c00000, 0x0000000715c00000| Untracked 
| 148|0x0000000715e00000, 0x0000000715e00000, 0x0000000716000000|  0%| F|  |TAMS 0x0000000715e00000, 0x0000000715e00000| Untracked 
| 149|0x0000000716000000, 0x0000000716000000, 0x0000000716200000|  0%| F|  |TAMS 0x0000000716000000, 0x0000000716000000| Untracked 
| 150|0x0000000716200000, 0x0000000716200000, 0x0000000716400000|  0%| F|  |TAMS 0x0000000716200000, 0x0000000716200000| Untracked 
| 151|0x0000000716400000, 0x0000000716400000, 0x0000000716600000|  0%| F|  |TAMS 0x0000000716400000, 0x0000000716400000| Untracked 
| 152|0x0000000716600000, 0x0000000716600000, 0x0000000716800000|  0%| F|  |TAMS 0x0000000716600000, 0x0000000716600000| Untracked 
| 153|0x0000000716800000, 0x0000000716800000, 0x0000000716a00000|  0%| F|  |TAMS 0x0000000716800000, 0x0000000716800000| Untracked 

Card table byte_map: [0x0000012f9cec0000,0x0000012f9d6b0000] _byte_map_base: 0x0000012f996a5000

Marking Bits (Prev, Next): (CMBitMap*) 0x0000012f91dc2ee0, (CMBitMap*) 0x0000012f91dc2f20
 Prev Bits: [0x0000012f9dea0000, 0x0000012fa1dc8000)
 Next Bits: [0x0000012fa1dd0000, 0x0000012fa5cf8000)

Polling page: 0x0000012f8fee0000

Metaspace:

Usage:
  Non-class:     67.88 MB used.
      Class:     11.16 MB used.
       Both:     79.04 MB used.

Virtual space:
  Non-class space:       72.00 MB reserved,      68.19 MB ( 95%) committed,  9 nodes.
      Class space:        1.00 GB reserved,      11.44 MB (  1%) committed,  1 nodes.
             Both:        1.07 GB reserved,      79.62 MB (  7%) committed. 

Chunk freelists:
   Non-Class:  3.26 MB
       Class:  478.00 KB
        Both:  3.73 MB

MaxMetaspaceSize: unlimited
CompressedClassSpaceSize: 1.00 GB
Initial GC threshold: 21.00 MB
Current GC threshold: 130.31 MB
CDS: on
MetaspaceReclaimPolicy: balanced
 - commit_granule_bytes: 65536.
 - commit_granule_words: 8192.
 - virtual_space_node_default_size: 1048576.
 - enlarge_chunks_in_place: 1.
 - new_chunks_are_fully_committed: 0.
 - uncommit_free_chunks: 1.
 - use_allocation_guard: 0.
 - handle_deallocations: 1.


Internal statistics:

num_allocs_failed_limit: 12.
num_arena_births: 850.
num_arena_deaths: 0.
num_vsnodes_births: 10.
num_vsnodes_deaths: 0.
num_space_committed: 1274.
num_space_uncommitted: 0.
num_chunks_returned_to_freelist: 12.
num_chunks_taken_from_freelist: 3669.
num_chunk_merges: 12.
num_chunk_splits: 2728.
num_chunks_enlarged: 2157.
num_purges: 0.
num_inconsistent_stats: 0.

CodeCache: size=49152Kb used=13591Kb max_used=13820Kb free=35560Kb
 bounds [0x0000012f995c0000, 0x0000012f9a340000, 0x0000012f9c5c0000]
 total_blobs=7696 nmethods=6949 adapters=670
 compilation: enabled
              stopped_count=0, restarted_count=0
 full_count=0

Compilation events (20 events):
Event: 164.717 Thread 0x0000012fa892fa70 nmethod 6941 0x0000012f99ac3e90 code [0x0000012f99ac4020, 0x0000012f99ac4148]
Event: 164.717 Thread 0x0000012fa892fa70 6942       1       java.util.regex.Pattern::compile (10 bytes)
Event: 164.717 Thread 0x0000012fa8842c90 nmethod 6940 0x0000012f99ac3b10 code [0x0000012f99ac3ca0, 0x0000012f99ac3df8]
Event: 164.717 Thread 0x0000012fa8842c90 6937       1       java.time.format.DecimalStyle::getNegativeSign (5 bytes)
Event: 164.717 Thread 0x0000012fa892fa70 nmethod 6942 0x0000012f99ac3790 code [0x0000012f99ac3920, 0x0000012f99ac3a68]
Event: 164.717 Thread 0x0000012fa8842c90 nmethod 6937 0x0000012f99ac3490 code [0x0000012f99ac3620, 0x0000012f99ac36f8]
Event: 164.717 Thread 0x0000012fa8842c90 6943       1       okhttp3.Request::body (5 bytes)
Event: 164.717 Thread 0x0000012fa8842c90 nmethod 6943 0x0000012f99ac3190 code [0x0000012f99ac3320, 0x0000012f99ac33f8]
Event: 164.717 Thread 0x0000012fa892fa70 6944   !   1       java.net.Socket::isClosed (19 bytes)
Event: 164.717 Thread 0x0000012fa892fa70 nmethod 6944 0x0000012f99ac2d90 code [0x0000012f99ac2f20, 0x0000012f99ac30d8]
Event: 164.749 Thread 0x0000012fa8842c90 6946       1       okhttp3.Headers$Builder::addLenient$okhttp (160 bytes)
Event: 164.749 Thread 0x0000012fa892fa70 6945       1       okhttp3.Headers$Builder::<init> (21 bytes)
Event: 164.749 Thread 0x0000012fa892fa70 nmethod 6945 0x0000012f99ac2990 code [0x0000012f99ac2b20, 0x0000012f99ac2cc8]
Event: 164.749 Thread 0x0000012fa892fa70 6947       1       okhttp3.internal.concurrent.TaskQueue::getFutureTasks$okhttp (5 bytes)
Event: 164.749 Thread 0x0000012fa892fa70 nmethod 6947 0x0000012f99ac2690 code [0x0000012f99ac2820, 0x0000012f99ac28f8]
Event: 164.749 Thread 0x0000012fa8842c90 nmethod 6946 0x0000012f99ac1910 code [0x0000012f99ac1b80, 0x0000012f99ac2178]
Event: 164.754 Thread 0x0000012fa892fa70 6948       1       java.time.temporal.TemporalQueries::zone (4 bytes)
Event: 164.754 Thread 0x0000012fa892fa70 nmethod 6948 0x0000012f99ac1610 code [0x0000012f99ac17a0, 0x0000012f99ac1858]
Event: 164.758 Thread 0x0000012fa892fa70 6949       1       java.util.regex.ASCII::isDigit (18 bytes)
Event: 164.758 Thread 0x0000012fa892fa70 nmethod 6949 0x0000012f99ac1310 code [0x0000012f99ac14a0, 0x0000012f99ac1578]

GC Heap History (20 events):
Event: 6.974 GC heap after
{Heap after GC invocations=22 (full 0):
 garbage-first heap   total 110592K, used 55225K [0x0000000703600000, 0x0000000800000000)
  region size 2048K, 3 young (6144K), 3 survivors (6144K)
 Metaspace       used 72423K, committed 73024K, reserved 1114112K
  class space    used 10263K, committed 10560K, reserved 1048576K
}
Event: 7.016 GC heap before
{Heap before GC invocations=22 (full 0):
 garbage-first heap   total 110592K, used 81849K [0x0000000703600000, 0x0000000800000000)
  region size 2048K, 17 young (34816K), 3 survivors (6144K)
 Metaspace       used 72423K, committed 73024K, reserved 1114112K
  class space    used 10263K, committed 10560K, reserved 1048576K
}
Event: 7.021 GC heap after
{Heap after GC invocations=23 (full 0):
 garbage-first heap   total 221184K, used 64917K [0x0000000703600000, 0x0000000800000000)
  region size 2048K, 3 young (6144K), 3 survivors (6144K)
 Metaspace       used 72423K, committed 73024K, reserved 1114112K
  class space    used 10263K, committed 10560K, reserved 1048576K
}
Event: 7.107 GC heap before
{Heap before GC invocations=23 (full 0):
 garbage-first heap   total 221184K, used 142741K [0x0000000703600000, 0x0000000800000000)
  region size 2048K, 42 young (86016K), 3 survivors (6144K)
 Metaspace       used 72431K, committed 73024K, reserved 1114112K
  class space    used 10265K, committed 10560K, reserved 1048576K
}
Event: 7.115 GC heap after
{Heap after GC invocations=24 (full 0):
 garbage-first heap   total 221184K, used 83297K [0x0000000703600000, 0x0000000800000000)
  region size 2048K, 6 young (12288K), 6 survivors (12288K)
 Metaspace       used 72431K, committed 73024K, reserved 1114112K
  class space    used 10265K, committed 10560K, reserved 1048576K
}
Event: 23.237 GC heap before
{Heap before GC invocations=24 (full 0):
 garbage-first heap   total 221184K, used 148833K [0x0000000703600000, 0x0000000800000000)
  region size 2048K, 39 young (79872K), 6 survivors (12288K)
 Metaspace       used 79291K, committed 79872K, reserved 1122304K
  class space    used 11163K, committed 11456K, reserved 1048576K
}
Event: 23.246 GC heap after
{Heap after GC invocations=25 (full 0):
 garbage-first heap   total 221184K, used 98114K [0x0000000703600000, 0x0000000800000000)
  region size 2048K, 5 young (10240K), 5 survivors (10240K)
 Metaspace       used 79291K, committed 79872K, reserved 1122304K
  class space    used 11163K, committed 11456K, reserved 1048576K
}
Event: 23.279 GC heap before
{Heap before GC invocations=25 (full 0):
 garbage-first heap   total 221184K, used 141122K [0x0000000703600000, 0x0000000800000000)
  region size 2048K, 28 young (57344K), 5 survivors (10240K)
 Metaspace       used 79291K, committed 79872K, reserved 1122304K
  class space    used 11163K, committed 11456K, reserved 1048576K
}
Event: 23.289 GC heap after
{Heap after GC invocations=26 (full 0):
 garbage-first heap   total 221184K, used 145195K [0x0000000703600000, 0x0000000800000000)
  region size 2048K, 5 young (10240K), 5 survivors (10240K)
 Metaspace       used 79291K, committed 79872K, reserved 1122304K
  class space    used 11163K, committed 11456K, reserved 1048576K
}
Event: 24.010 GC heap before
{Heap before GC invocations=27 (full 0):
 garbage-first heap   total 315392K, used 204587K [0x0000000703600000, 0x0000000800000000)
  region size 2048K, 15 young (30720K), 5 survivors (10240K)
 Metaspace       used 79476K, committed 80064K, reserved 1122304K
  class space    used 11208K, committed 11520K, reserved 1048576K
}
Event: 24.013 GC heap after
{Heap after GC invocations=28 (full 0):
 garbage-first heap   total 315392K, used 157508K [0x0000000703600000, 0x0000000800000000)
  region size 2048K, 2 young (4096K), 2 survivors (4096K)
 Metaspace       used 79476K, committed 80064K, reserved 1122304K
  class space    used 11208K, committed 11520K, reserved 1048576K
}
Event: 24.022 GC heap before
{Heap before GC invocations=28 (full 0):
 garbage-first heap   total 315392K, used 165700K [0x0000000703600000, 0x0000000800000000)
  region size 2048K, 7 young (14336K), 2 survivors (4096K)
 Metaspace       used 79476K, committed 80064K, reserved 1122304K
  class space    used 11208K, committed 11520K, reserved 1048576K
}
Event: 24.023 GC heap after
{Heap after GC invocations=29 (full 0):
 garbage-first heap   total 315392K, used 150196K [0x0000000703600000, 0x0000000800000000)
  region size 2048K, 1 young (2048K), 1 survivors (2048K)
 Metaspace       used 79476K, committed 80064K, reserved 1122304K
  class space    used 11208K, committed 11520K, reserved 1048576K
}
Event: 24.041 GC heap before
{Heap before GC invocations=29 (full 0):
 garbage-first heap   total 315392K, used 170676K [0x0000000703600000, 0x0000000800000000)
  region size 2048K, 12 young (24576K), 1 survivors (2048K)
 Metaspace       used 79476K, committed 80064K, reserved 1122304K
  class space    used 11208K, committed 11520K, reserved 1048576K
}
Event: 24.044 GC heap after
{Heap after GC invocations=30 (full 0):
 garbage-first heap   total 315392K, used 172832K [0x0000000703600000, 0x0000000800000000)
  region size 2048K, 4 young (8192K), 4 survivors (8192K)
 Metaspace       used 79476K, committed 80064K, reserved 1122304K
  class space    used 11208K, committed 11520K, reserved 1048576K
}
Event: 164.799 GC heap before
{Heap before GC invocations=31 (full 0):
 garbage-first heap   total 315392K, used 197408K [0x0000000703600000, 0x0000000800000000)
  region size 2048K, 22 young (45056K), 4 survivors (8192K)
 Metaspace       used 80941K, committed 81536K, reserved 1122304K
  class space    used 11429K, committed 11712K, reserved 1048576K
}
Event: 164.803 GC heap after
{Heap after GC invocations=32 (full 0):
 garbage-first heap   total 315392K, used 142440K [0x0000000703600000, 0x0000000800000000)
  region size 2048K, 3 young (6144K), 3 survivors (6144K)
 Metaspace       used 80941K, committed 81536K, reserved 1122304K
  class space    used 11429K, committed 11712K, reserved 1048576K
}
Event: 164.808 GC heap before
{Heap before GC invocations=32 (full 0):
 garbage-first heap   total 315392K, used 148584K [0x0000000703600000, 0x0000000800000000)
  region size 2048K, 7 young (14336K), 3 survivors (6144K)
 Metaspace       used 80941K, committed 81536K, reserved 1122304K
  class space    used 11429K, committed 11712K, reserved 1048576K
}
Event: 164.810 GC heap after
{Heap after GC invocations=33 (full 0):
 garbage-first heap   total 315392K, used 142574K [0x0000000703600000, 0x0000000800000000)
  region size 2048K, 1 young (2048K), 1 survivors (2048K)
 Metaspace       used 80941K, committed 81536K, reserved 1122304K
  class space    used 11429K, committed 11712K, reserved 1048576K
}
Event: 164.821 GC heap before
{Heap before GC invocations=33 (full 0):
 garbage-first heap   total 315392K, used 156910K [0x0000000703600000, 0x0000000800000000)
  region size 2048K, 9 young (18432K), 1 survivors (2048K)
 Metaspace       used 80941K, committed 81536K, reserved 1122304K
  class space    used 11429K, committed 11712K, reserved 1048576K
}

Deoptimization events (18 events):
Event: 3.031 Thread 0x0000012f91d571f0 DEOPT PACKING pc=0x0000012f996f5cf9 sp=0x000000194bcfd380
Event: 3.031 Thread 0x0000012f91d571f0 DEOPT UNPACKING pc=0x0000012f996166e3 sp=0x000000194bcfc860 mode 3
Event: 3.219 Thread 0x0000012f91d571f0 DEOPT PACKING pc=0x0000012f99c0b155 sp=0x000000194bcfdf00
Event: 3.219 Thread 0x0000012f91d571f0 DEOPT UNPACKING pc=0x0000012f996166e3 sp=0x000000194bcfd3a8 mode 3
Event: 3.529 Thread 0x0000012f91d571f0 DEOPT PACKING pc=0x0000012f99948e2c sp=0x000000194bcfe810
Event: 3.529 Thread 0x0000012f91d571f0 DEOPT UNPACKING pc=0x0000012f996166e3 sp=0x000000194bcfdcd8 mode 0
Event: 4.284 Thread 0x0000012f91d571f0 DEOPT PACKING pc=0x0000012f99e50925 sp=0x000000194bcfcae0
Event: 4.284 Thread 0x0000012f91d571f0 DEOPT UNPACKING pc=0x0000012f996166e3 sp=0x000000194bcfc048 mode 3
Event: 4.298 Thread 0x0000012faacd8c10 DEOPT PACKING pc=0x0000012f99a8769f sp=0x000000194deff2a0
Event: 4.298 Thread 0x0000012faacd8c10 DEOPT UNPACKING pc=0x0000012f996166e3 sp=0x000000194defe6f8 mode 3
Event: 5.868 Thread 0x0000012f91d571f0 DEOPT PACKING pc=0x0000012f99bb3c54 sp=0x000000194bcfcaa0
Event: 5.868 Thread 0x0000012f91d571f0 DEOPT UNPACKING pc=0x0000012f996166e3 sp=0x000000194bcfbff8 mode 0
Event: 6.154 Thread 0x0000012f91d571f0 DEOPT PACKING pc=0x0000012f99bc0ad2 sp=0x000000194bcfcd50
Event: 6.154 Thread 0x0000012f91d571f0 DEOPT UNPACKING pc=0x0000012f996166e3 sp=0x000000194bcfc258 mode 3
Event: 6.824 Thread 0x0000012f91d571f0 DEOPT PACKING pc=0x0000012f9a195b13 sp=0x000000194bcfd620
Event: 6.824 Thread 0x0000012f91d571f0 DEOPT UNPACKING pc=0x0000012f996166e3 sp=0x000000194bcfcb68 mode 3
Event: 7.557 Thread 0x0000012fab30bbd0 DEOPT PACKING pc=0x0000012f9a2105b4 sp=0x000000194e5ff110
Event: 7.557 Thread 0x0000012fab30bbd0 DEOPT UNPACKING pc=0x0000012f996166e3 sp=0x000000194e5fe690 mode 0

Classes unloaded (0 events):
No events

Classes redefined (0 events):
No events

Internal exceptions (20 events):
Event: 7.100 Thread 0x0000012fab30b700 Exception <a 'sun/nio/fs/WindowsException'{0x000000070ddb23c8}> (0x000000070ddb23c8) 
thrown [s\open\src\hotspot\share\prims\jni.cpp, line 516]
Event: 7.101 Thread 0x0000012fab30b700 Exception <a 'sun/nio/fs/WindowsException'{0x000000070ddb2cc8}> (0x000000070ddb2cc8) 
thrown [s\open\src\hotspot\share\prims\jni.cpp, line 516]
Event: 7.101 Thread 0x0000012fab30b700 Exception <a 'sun/nio/fs/WindowsException'{0x000000070ddb2f88}> (0x000000070ddb2f88) 
thrown [s\open\src\hotspot\share\prims\jni.cpp, line 516]
Event: 7.164 Thread 0x0000012f91d571f0 Exception <a 'java/lang/NoSuchMethodError'{0x000000070f4002c8}: 'void java.lang.invoke.DirectMethodHandle$Holder.invokeVirtual(java.lang.Object, java.lang.Object, long)'> (0x000000070f4002c8) 
thrown [s\open\src\hotspot\share\interpreter\linkResolver.cpp, line 759]
Event: 7.267 Thread 0x0000012f91d571f0 Exception <a 'java/lang/IncompatibleClassChangeError'{0x000000070efd6000}: Found class java.lang.Object, but interface was expected> (0x000000070efd6000) 
thrown [s\open\src\hotspot\share\interpreter\linkResolver.cpp, line 826]
Event: 7.470 Thread 0x0000012f91d571f0 Exception <a 'java/lang/NoSuchMethodError'{0x000000070e313260}: 'java.lang.Object java.lang.invoke.DirectMethodHandle$Holder.invokeSpecial(java.lang.Object, java.lang.Object, int, java.lang.Object, int, java.lang.Object)'> (0x000000070e313260) 
thrown [s\open\src\hotspot\share\interpreter\linkResolver.cpp, line 759]
Event: 7.471 Thread 0x0000012f91d571f0 Exception <a 'java/lang/NoSuchMethodError'{0x000000070e31b068}: 'java.lang.Object java.lang.invoke.DirectMethodHandle$Holder.newInvokeSpecial(java.lang.Object, java.lang.Object, int, java.lang.Object, int)'> (0x000000070e31b068) 
thrown [s\open\src\hotspot\share\interpreter\linkResolver.cpp, line 759]
Event: 7.471 Thread 0x0000012f91d571f0 Exception <a 'java/lang/NoSuchMethodError'{0x000000070e31f168}: 'java.lang.Object java.lang.invoke.DirectMethodHandle$Holder.invokeSpecial(java.lang.Object, java.lang.Object, java.lang.Object, int, java.lang.Object, int)'> (0x000000070e31f168) 
thrown [s\open\src\hotspot\share\interpreter\linkResolver.cpp, line 759]
Event: 21.748 Thread 0x0000012fab30ca40 Exception <a 'java/lang/NoSuchMethodError'{0x000000070df87bf8}: 'java.lang.Object java.lang.invoke.DirectMethodHandle$Holder.invokeSpecial(java.lang.Object, java.lang.Object, java.lang.Object, java.lang.Object, java.lang.Object, long)'> (0x000000070df87bf8) 
thrown [s\open\src\hotspot\share\interpreter\linkResolver.cpp, line 759]
Event: 21.748 Thread 0x0000012fab30ca40 Exception <a 'java/lang/NoSuchMethodError'{0x000000070df8b638}: 'java.lang.Object java.lang.invoke.Invokers$Holder.linkToTargetMethod(java.lang.Object, java.lang.Object, java.lang.Object, long, java.lang.Object)'> (0x000000070df8b638) 
thrown [s\open\src\hotspot\share\interpreter\linkResolver.cpp, line 759]
Event: 22.978 Thread 0x0000012fab30ad60 Exception <a 'java/lang/NoSuchMethodError'{0x000000070d49a988}: 'java.lang.Object java.lang.invoke.DirectMethodHandle$Holder.newInvokeSpecial(java.lang.Object, java.lang.Object, java.lang.Object, java.lang.Object, java.lang.Object, java.lang.Object, java.lang.Object, java.lang.Object, java.lang.Object, int)'> (0x000000070d49a988) 
thrown [s\open\src\hotspot\share\interpreter\linkResolver.cpp, line 759]
Event: 22.978 Thread 0x0000012fab30ad60 Exception <a 'java/lang/NoSuchMethodError'{0x000000070d4a0470}: 'java.lang.Object java.lang.invoke.DirectMethodHandle$Holder.invokeSpecial(java.lang.Object, java.lang.Object, java.lang.Object, java.lang.Object, java.lang.Object, java.lang.Object, java.lang.Object, java.lang.Object, java.lang.Object, java.lang.Object, int)'> (0x000000070d4a0470) 
thrown [s\open\src\hotspot\share\interpreter\linkResolver.cpp, line 759]
Event: 23.394 Thread 0x0000012fab30ad60 Exception <a 'java/lang/NoSuchMethodError'{0x000000071321c8a0}: 'void java.lang.invoke.DirectMethodHandle$Holder.invokeStatic(java.lang.Object, long, java.lang.Object)'> (0x000000071321c8a0) 
thrown [s\open\src\hotspot\share\interpreter\linkResolver.cpp, line 759]
Event: 23.394 Thread 0x0000012fab30ad60 Exception <a 'java/lang/NoSuchMethodError'{0x0000000713222aa0}: 'java.lang.Object java.lang.invoke.DirectMethodHandle$Holder.newInvokeSpecial(java.lang.Object, long)'> (0x0000000713222aa0) 
thrown [s\open\src\hotspot\share\interpreter\linkResolver.cpp, line 759]
Event: 23.546 Thread 0x0000012fb02237f0 Exception <a 'java/lang/NoSuchMethodError'{0x000000071339ba30}: 'java.lang.Object java.lang.invoke.DirectMethodHandle$Holder.invokeStatic(java.lang.Object, java.lang.Object, java.lang.Object, java.lang.Object, java.lang.Object, int, java.lang.Object)'> (0x000000071339ba30) 
thrown [s\open\src\hotspot\share\interpreter\linkResolver.cpp, line 759]
Event: 23.546 Thread 0x0000012fb02237f0 Exception <a 'java/lang/NoSuchMethodError'{0x00000007133a5878}: 'java.lang.Object java.lang.invoke.DirectMethodHandle$Holder.newInvokeSpecial(java.lang.Object, java.lang.Object, java.lang.Object, java.lang.Object, java.lang.Object, int)'> (0x00000007133a5878) 
thrown [s\open\src\hotspot\share\interpreter\linkResolver.cpp, line 759]
Event: 24.101 Thread 0x0000012fab30b230 Exception <a 'java/io/IOException'{0x0000000716800380}> (0x0000000716800380) 
thrown [s\open\src\hotspot\share\prims\jni.cpp, line 516]
Event: 25.438 Thread 0x0000012fab30ad60 Exception <a 'java/lang/NoSuchMethodError'{0x000000071642db88}: 'int java.lang.invoke.DirectMethodHandle$Holder.invokeStatic(java.lang.Object, java.lang.Object, int, int)'> (0x000000071642db88) 
thrown [s\open\src\hotspot\share\interpreter\linkResolver.cpp, line 759]
Event: 121.014 Thread 0x0000012fab309550 Exception <a 'java/lang/NoSuchMethodError'{0x000000071620ed30}: 'java.lang.Object java.lang.invoke.DirectMethodHandle$Holder.invokeInterface(java.lang.Object, java.lang.Object, java.lang.Object, java.lang.Object)'> (0x000000071620ed30) 
thrown [s\open\src\hotspot\share\interpreter\linkResolver.cpp, line 759]
Event: 121.025 Thread 0x0000012fab309550 Exception <a 'java/lang/NoSuchMethodError'{0x000000071626fdf0}: 'void java.lang.invoke.DirectMethodHandle$Holder.invokeSpecialIFC(java.lang.Object, java.lang.Object, int, java.lang.Object, java.lang.Object, java.lang.Object, java.lang.Object)'> (0x000000071626fdf0) 
thrown [s\open\src\hotspot\share\interpreter\linkResolver.cpp, line 759]

VM Operations (20 events):
Event: 24.099 Executing VM operation: G1Concurrent done
Event: 24.107 Executing VM operation: HandshakeAllThreads
Event: 24.107 Executing VM operation: HandshakeAllThreads done
Event: 25.112 Executing VM operation: Cleanup
Event: 25.112 Executing VM operation: Cleanup done
Event: 26.127 Executing VM operation: Cleanup
Event: 26.127 Executing VM operation: Cleanup done
Event: 85.517 Executing VM operation: Cleanup
Event: 85.517 Executing VM operation: Cleanup done
Event: 121.799 Executing VM operation: Cleanup
Event: 121.799 Executing VM operation: Cleanup done
Event: 132.897 Executing VM operation: Cleanup
Event: 132.897 Executing VM operation: Cleanup done
Event: 164.147 Executing VM operation: Cleanup
Event: 164.147 Executing VM operation: Cleanup done
Event: 164.799 Executing VM operation: G1CollectForAllocation
Event: 164.803 Executing VM operation: G1CollectForAllocation done
Event: 164.808 Executing VM operation: G1CollectForAllocation
Event: 164.810 Executing VM operation: G1CollectForAllocation done
Event: 164.821 Executing VM operation: G1TryInitiateConcMark

Events (20 events):
Event: 23.539 loading class javax/xml/stream/events/Characters done
Event: 23.540 loading class com/sun/xml/internal/stream/events/CharacterEvent done
Event: 23.547 Thread 0x0000012fb021f960 Thread added: 0x0000012fb021f960
Event: 23.857 Thread 0x0000012fb0225e70 Thread added: 0x0000012fb0225e70
Event: 24.104 loading class jdk/internal/loader/BootLoader$PackageHelper
Event: 24.104 loading class jdk/internal/loader/BootLoader$PackageHelper done
Event: 24.112 Thread 0x0000012fb0221b10 Thread added: 0x0000012fb0221b10
Event: 24.314 Thread 0x0000012fb0221fe0 Thread added: 0x0000012fb0221fe0
Event: 25.266 loading class jdk/internal/vm/annotation/ForceInline
Event: 25.266 loading class jdk/internal/vm/annotation/ForceInline done
Event: 25.266 loading class jdk/internal/vm/annotation/Stable
Event: 25.266 loading class jdk/internal/vm/annotation/Stable done
Event: 30.518 Thread 0x0000012fa892dc10 Thread exited: 0x0000012fa892dc10
Event: 83.966 Thread 0x0000012fb0226ce0 Thread exited: 0x0000012fb0226ce0
Event: 85.418 Thread 0x0000012fb02237f0 Thread exited: 0x0000012fb02237f0
Event: 85.418 Thread 0x0000012fb0224190 Thread exited: 0x0000012fb0224190
Event: 114.159 Thread 0x0000012fb0224b30 Thread added: 0x0000012fb0224b30
Event: 132.204 Thread 0x0000012fa892f050 Thread added: 0x0000012fa892f050
Event: 134.397 Thread 0x0000012fa892f050 Thread exited: 0x0000012fa892f050
Event: 163.662 Thread 0x0000012fa892fa70 Thread added: 0x0000012fa892fa70


Dynamic libraries:
0x00007ff6986c0000 - 0x00007ff6986d0000 	C:\JDK\jdk-17\bin\java.exe
0x00007ffb98370000 - 0x00007ffb98587000 	C:\Windows\SYSTEM32\ntdll.dll
0x00007ffb96a50000 - 0x00007ffb96b14000 	C:\Windows\System32\KERNEL32.DLL
0x00007ffb95a30000 - 0x00007ffb95ddd000 	C:\Windows\System32\KERNELBASE.dll
0x00007ffb95690000 - 0x00007ffb957a1000 	C:\Windows\System32\ucrtbase.dll
0x00007ffb5ca30000 - 0x00007ffb5ca4b000 	C:\JDK\jdk-17\bin\VCRUNTIME140.dll
0x00007ffb5cb80000 - 0x00007ffb5cb98000 	C:\JDK\jdk-17\bin\jli.dll
0x00007ffb97370000 - 0x00007ffb97422000 	C:\Windows\System32\ADVAPI32.dll
0x00007ffb967c0000 - 0x00007ffb96867000 	C:\Windows\System32\msvcrt.dll
0x00007ffb97670000 - 0x00007ffb97719000 	C:\Windows\System32\sechost.dll
0x00007ffb95f00000 - 0x00007ffb95f28000 	C:\Windows\System32\bcrypt.dll
0x00007ffb96120000 - 0x00007ffb96234000 	C:\Windows\System32\RPCRT4.dll
0x00007ffb96870000 - 0x00007ffb96a1e000 	C:\Windows\System32\USER32.dll
0x00007ffb95910000 - 0x00007ffb95936000 	C:\Windows\System32\win32u.dll
0x00007ffb8c1d0000 - 0x00007ffb8c463000 	C:\Windows\WinSxS\amd64_microsoft.windows.common-controls_6595b64144ccf1df_6.0.22621.3672_none_2713b9d173822955\COMCTL32.dll
0x00007ffb96c20000 - 0x00007ffb96c49000 	C:\Windows\System32\GDI32.dll
0x00007ffb95de0000 - 0x00007ffb95ef9000 	C:\Windows\System32\gdi32full.dll
0x00007ffb95870000 - 0x00007ffb9590a000 	C:\Windows\System32\msvcp_win.dll
0x00007ffb90b90000 - 0x00007ffb90b9a000 	C:\Windows\SYSTEM32\VERSION.dll
0x00007ffb96e10000 - 0x00007ffb96e41000 	C:\Windows\System32\IMM32.DLL
0x00007ffb7d1f0000 - 0x00007ffb7d1fc000 	C:\JDK\jdk-17\bin\vcruntime140_1.dll
0x00007ffb48f00000 - 0x00007ffb48f8e000 	C:\JDK\jdk-17\bin\msvcp140.dll
0x00007ffb28910000 - 0x00007ffb294e7000 	C:\JDK\jdk-17\bin\server\jvm.dll
0x00007ffb97f90000 - 0x00007ffb97f98000 	C:\Windows\System32\PSAPI.DLL
0x00007ffb90c30000 - 0x00007ffb90c64000 	C:\Windows\SYSTEM32\WINMM.dll
0x00007ffb91930000 - 0x00007ffb91939000 	C:\Windows\SYSTEM32\WSOCK32.dll
0x00007ffb96e50000 - 0x00007ffb96ec1000 	C:\Windows\System32\WS2_32.dll
0x00007ffb94710000 - 0x00007ffb94728000 	C:\Windows\SYSTEM32\kernel.appcore.dll
0x00007ffb7c1f0000 - 0x00007ffb7c1fa000 	C:\JDK\jdk-17\bin\jimage.dll
0x00007ffb92ef0000 - 0x00007ffb93122000 	C:\Windows\SYSTEM32\DBGHELP.DLL
0x00007ffb97fa0000 - 0x00007ffb9832d000 	C:\Windows\System32\combase.dll
0x00007ffb97490000 - 0x00007ffb97567000 	C:\Windows\System32\OLEAUT32.dll
0x00007ffb8bfd0000 - 0x00007ffb8c002000 	C:\Windows\SYSTEM32\dbgcore.DLL
0x00007ffb95940000 - 0x00007ffb959bb000 	C:\Windows\System32\bcryptPrimitives.dll
0x00007ffb88940000 - 0x00007ffb8894e000 	C:\JDK\jdk-17\bin\instrument.dll
0x00007ffb535a0000 - 0x00007ffb535c5000 	C:\JDK\jdk-17\bin\java.dll
0x00007ffb329b0000 - 0x00007ffb32a87000 	C:\JDK\jdk-17\bin\jsvml.dll
0x00007ffb97720000 - 0x00007ffb97f88000 	C:\Windows\System32\SHELL32.dll
0x00007ffb93590000 - 0x00007ffb93e8e000 	C:\Windows\SYSTEM32\windows.storage.dll
0x00007ffb93450000 - 0x00007ffb9358f000 	C:\Windows\SYSTEM32\wintypes.dll
0x00007ffb96b20000 - 0x00007ffb96c19000 	C:\Windows\System32\SHCORE.dll
0x00007ffb97080000 - 0x00007ffb970de000 	C:\Windows\System32\shlwapi.dll
0x00007ffb955c0000 - 0x00007ffb955e1000 	C:\Windows\SYSTEM32\profapi.dll
0x00007ffb53310000 - 0x00007ffb53328000 	C:\JDK\jdk-17\bin\zip.dll
0x00007ffb63b90000 - 0x00007ffb63ba9000 	C:\JDK\jdk-17\bin\net.dll
0x00007ffb91ea0000 - 0x00007ffb91fd6000 	C:\Windows\SYSTEM32\WINHTTP.dll
0x00007ffb94c20000 - 0x00007ffb94c89000 	C:\Windows\system32\mswsock.dll
0x00007ffb5cb50000 - 0x00007ffb5cb66000 	C:\JDK\jdk-17\bin\nio.dll
0x00007ffb88920000 - 0x00007ffb8893a000 	C:\Program Files\JetBrains\IntelliJ IDEA 2023.3.4\bin\breakgen64.dll
0x00007ffb94160000 - 0x00007ffb94258000 	C:\Windows\SYSTEM32\DNSAPI.dll
0x00007ffb94130000 - 0x00007ffb9415d000 	C:\Windows\SYSTEM32\IPHLPAPI.DLL
0x00007ffb970e0000 - 0x00007ffb970e9000 	C:\Windows\System32\NSI.dll
0x00007ffb90ba0000 - 0x00007ffb90baa000 	C:\Windows\System32\rasadhlp.dll
0x00007ffb90e80000 - 0x00007ffb90f03000 	C:\Windows\System32\fwpuclnt.dll
0x00007ffb88900000 - 0x00007ffb8890a000 	C:\JDK\jdk-17\bin\management.dll
0x00007ffb7d180000 - 0x00007ffb7d18b000 	C:\JDK\jdk-17\bin\management_ext.dll
0x00007ffb94e80000 - 0x00007ffb94e9b000 	C:\Windows\SYSTEM32\CRYPTSP.dll
0x00007ffb94660000 - 0x00007ffb94695000 	C:\Windows\system32\rsaenh.dll
0x00007ffb94d20000 - 0x00007ffb94d48000 	C:\Windows\SYSTEM32\USERENV.dll
0x00007ffb94ea0000 - 0x00007ffb94eac000 	C:\Windows\SYSTEM32\CRYPTBASE.dll
0x00007ffb91d20000 - 0x00007ffb91d39000 	C:\Windows\SYSTEM32\dhcpcsvc6.DLL
0x00007ffb91d00000 - 0x00007ffb91d1f000 	C:\Windows\SYSTEM32\dhcpcsvc.DLL
0x00007ffb35b30000 - 0x00007ffb35b47000 	C:\Windows\system32\napinsp.dll
0x00007ffb35a80000 - 0x00007ffb35a9b000 	C:\Windows\system32\pnrpnsp.dll
0x00007ffb35a60000 - 0x00007ffb35a71000 	C:\Windows\System32\winrnr.dll
0x00007ffb5dd60000 - 0x00007ffb5dd75000 	C:\Windows\system32\wshbth.dll
0x00007ffb35a30000 - 0x00007ffb35a57000 	C:\Windows\system32\nlansp_c.dll
0x00007ffb7d170000 - 0x00007ffb7d17d000 	C:\JDK\jdk-17\bin\sunmscapi.dll
0x00007ffb95f30000 - 0x00007ffb96097000 	C:\Windows\System32\CRYPT32.dll
0x00007ffb95020000 - 0x00007ffb9504e000 	C:\Windows\SYSTEM32\ncrypt.dll
0x00007ffb94fe0000 - 0x00007ffb95017000 	C:\Windows\SYSTEM32\NTASN1.dll
0x00007ffb69fe0000 - 0x00007ffb69ff0000 	C:\JDK\jdk-17\bin\verify.dll
0x00007ffafcce0000 - 0x00007ffafcce8000 	C:\Windows\system32\wshunix.dll

dbghelp: loaded successfully - version: 4.0.5 - missing functions: none
symbol engine: initialized successfully - sym options: 0x614 - pdb path: .;C:\JDK\jdk-17\bin;C:\Windows\SYSTEM32;C:\Windows\WinSxS\amd64_microsoft.windows.common-controls_6595b64144ccf1df_6.0.22621.3672_none_2713b9d173822955;C:\JDK\jdk-17\bin\server;C:\Program Files\JetBrains\IntelliJ IDEA 2023.3.4\bin

VM Arguments:
jvm_args: -XX:TieredStopAtLevel=1 -Dspring.output.ansi.enabled=always -Dcom.sun.management.jmxremote -Dspring.jmx.enabled=true -Dspring.liveBeansView.mbeanDomain -Dspring.application.admin.enabled=true -Dmanagement.endpoints.jmx.exposure.include=* -javaagent:C:\Program Files\JetBrains\IntelliJ IDEA 2023.3.4\lib\idea_rt.jar=36855:C:\Program Files\JetBrains\IntelliJ IDEA 2023.3.4\bin -Dfile.encoding=UTF-8 
java_command: sprintpay.com.msstorage.MsstorageApplication
java_class_path (initial): D:\projet de stage\spcrm-msstorage\target\classes;C:\Users\danie\.m2\repository\org\springframework\boot\spring-boot-starter-data-jpa\3.2.5\spring-boot-starter-data-jpa-3.2.5.jar;C:\Users\danie\.m2\repository\org\springframework\boot\spring-boot-starter-aop\3.2.5\spring-boot-starter-aop-3.2.5.jar;C:\Users\danie\.m2\repository\org\aspectj\aspectjweaver\1.9.22\aspectjweaver-1.9.22.jar;C:\Users\danie\.m2\repository\org\springframework\boot\spring-boot-starter-jdbc\3.2.5\spring-boot-starter-jdbc-3.2.5.jar;C:\Users\danie\.m2\repository\com\zaxxer\HikariCP\5.0.1\HikariCP-5.0.1.jar;C:\Users\danie\.m2\repository\org\springframework\spring-jdbc\6.1.6\spring-jdbc-6.1.6.jar;C:\Users\danie\.m2\repository\org\hibernate\orm\hibernate-core\6.4.4.Final\hibernate-core-6.4.4.Final.jar;C:\Users\danie\.m2\repository\jakarta\persistence\jakarta.persistence-api\3.1.0\jakarta.persistence-api-3.1.0.jar;C:\Users\danie\.m2\repository\jakarta\transaction\jakarta.transaction-api\2.0.1\jakarta.transaction-api-2.0.1.jar;C:\Users\danie\.m2\repository\org\jboss\logging\jboss-logging\3.5.3.Final\jboss-logging-3.5.3.Final.jar;C:\Users\danie\.m2\repository\org\hibernate\common\hibernate-commons-annotations\6.0.6.Final\hibernate-commons-annotations-6.0.6.Final.jar;C:\Users\danie\.m2\repository\io\smallrye\jandex\3.1.2\jandex-3.1.2.jar;C:\Users\danie\.m2\repository\com\fasterxml\classmate\1.6.0\classmate-1.6.0.jar;C:\Users\danie\.m2\repository\net\bytebuddy\byte-buddy\1.14.13\byte-buddy-1.14.13.jar;C:\Users\danie\.m2\repository\org\glassfish\jaxb\jaxb-runtime\4.0.5\jaxb-runtime-4.0.5.jar;C:\Users\danie\.m2\repository\org\glassfish\jaxb\jaxb-core\4.0.5\jaxb-core-4.0.5.jar;C:\Users\danie\.m2\repository\org\eclipse\angus\angus-activation\2.0.2\angus-activation-2.0.2.jar;C:\Users\danie\.m2\repository\org\glassfish\jaxb\txw2\4.0.5\txw2-4.0.5.jar;C:\Users\danie\.m2\repository\com\sun\istack\istack-commons-runtime\4.1.2\istack-commons-runtime-4.1.2.jar;C:\Users\danie\.m2\repositor
Launcher Type: SUN_STANDARD

[Global flags]
     intx CICompilerCount                          = 4                                         {product} {ergonomic}
     uint ConcGCThreads                            = 2                                         {product} {ergonomic}
     uint G1ConcRefinementThreads                  = 8                                         {product} {ergonomic}
   size_t G1HeapRegionSize                         = 2097152                                   {product} {ergonomic}
    uintx GCDrainStackTargetSize                   = 64                                        {product} {ergonomic}
   size_t InitialHeapSize                          = 266338304                                 {product} {ergonomic}
     bool ManagementServer                         = true                                      {product} {command line}
   size_t MarkStackSize                            = 4194304                                   {product} {ergonomic}
   size_t MaxHeapSize                              = 4238344192                                {product} {ergonomic}
   size_t MaxNewSize                               = 2541748224                                {product} {ergonomic}
   size_t MinHeapDeltaBytes                        = 2097152                                   {product} {ergonomic}
   size_t MinHeapSize                              = 8388608                                   {product} {ergonomic}
    uintx NonProfiledCodeHeapSize                  = 0                                      {pd product} {ergonomic}
     bool ProfileInterpreter                       = false                                  {pd product} {command line}
    uintx ProfiledCodeHeapSize                     = 0                                      {pd product} {ergonomic}
   size_t SoftMaxHeapSize                          = 4238344192                             {manageable} {ergonomic}
     intx TieredStopAtLevel                        = 1                                         {product} {command line}
     bool UseCompressedClassPointers               = true                           {product lp64_product} {ergonomic}
     bool UseCompressedOops                        = true                           {product lp64_product} {ergonomic}
     bool UseG1GC                                  = true                                      {product} {ergonomic}
     bool UseLargePagesIndividualAllocation        = false                                  {pd product} {ergonomic}

Logging:
Log output configuration:
 #0: stdout all=warning uptime,level,tags
 #1: stderr all=off uptime,level,tags

Environment Variables:
JAVA_HOME=C:\Program Files\Java\jdk1.8.0_202
PATH=C:\Program Files (x86)\Common Files\Oracle\Java\javapath;C:\Python312\Scripts\;C:\Python312\;C:\Windows\System32\HWAudioDriverLibs;C:\Windows\system32;C:\Windows;C:\Windows\System32\Wbem;C:\Windows\System32\WindowsPowerShell\v1.0\;C:\Windows\System32\OpenSSH\;C:\Users\Administrator\AppData\Local\Microsoft\WindowsApps;C:\ProgramData\chocolatey\bin;C:\Program Files\nodejs\;D:\git\Git\cmd;D:\aws install\;D:\virtualisation\apache-maven-3.9.6\bin;D:\Xampp\apache\bin;D:\keycloak-24.0.4\bin;C:\Program Files\dotnet\;C:\Program Files\Microsoft SQL Server\150\Tools\Binn\;C:\Program Files\Microsoft SQL Server\Client SDK\ODBC\170\Tools\Binn\;C:\Program Files (x86)\Microsoft SQL Server\160\Tools\Binn\;C:\Program Files\Microsoft SQL Server\160\Tools\Binn\;C:\Program Files\Microsoft SQL Server\160\DTS\Binn\;C:\Program Files (x86)\Microsoft SQL Server\160\DTS\Binn\;C:\Program Files\Docker\Docker\resources\bin;C:\Program Files\Java\jdk1.8.0_202\bin;C:\Users\danie\AppData\Local\Microsoft\WindowsApps;D:\Nouveau dossier\Microsoft VS Code\bin;C:\Users\danie\AppData\Roaming\npm;C:\Program Files\JetBrains\IntelliJ IDEA 2023.3.4\bin;;C:\allure-2.28.0\bin;D:\keycloak-24.0.4\bin;C:\Users\danie\.dotnet\tools
USERNAME=User
OS=Windows_NT
PROCESSOR_IDENTIFIER=Intel64 Family 6 Model 140 Stepping 2, GenuineIntel



---------------  S Y S T E M  ---------------

OS:
 Windows 11 , 64 bit Build 22621 (10.0.22621.3958)
OS uptime: 2 days 4:31 hours
Hyper-V role detected

CPU: total 8 (initial active 8) (4 cores per cpu, 2 threads per core) family 6 model 140 stepping 2 microcode 0x16, cx8, cmov, fxsr, ht, mmx, 3dnowpref, sse, sse2, sse3, ssse3, sse4.1, sse4.2, popcnt, lzcnt, tsc, tscinvbit, avx, avx2, aes, erms, clmul, bmi1, bmi2, adx, avx512f, avx512dq, avx512cd, avx512bw, avx512vl, sha, fma, vzeroupper, avx512_vpopcntdq, avx512_vpclmulqdq, avx512_vaes, avx512_vnni, clflush, clflushopt, clwb, avx512_vbmi2, avx512_vbmi, hv

Memory: 4k page, system-wide physical 16167M (1807M free)
TotalPageFile size 31434M (AvailPageFile size 154M)
current process WorkingSet (physical memory assigned to process): 451M, peak: 451M
current process commit charge ("private bytes"): 534M, peak: 856M

vm_info: Java HotSpot(TM) 64-Bit Server VM (17.0.6+9-LTS-190) for windows-amd64 JRE (17.0.6+9-LTS-190), built on Dec  6 2022 15:53:54 by "mach5one" with MS VC++ 17.1 (VS2022)

END.
