#
# There is insufficient memory for the Java Runtime Environment to continue.
# Native memory allocation (malloc) failed to allocate 32744 bytes for ChunkPool::allocate
# Possible reasons:
#   The system is out of physical RAM or swap space
#   The process is running with CompressedOops enabled, and the Java Heap may be blocking the growth of the native heap
# Possible solutions:
#   Reduce memory load on the system
#   Increase physical memory or swap space
#   Check if swap backing store is full
#   Decrease Java heap size (-Xmx/-Xms)
#   Decrease number of Java threads
#   Decrease Java thread stack sizes (-Xss)
#   Set larger code cache with -XX:ReservedCodeCacheSize=
#   JVM is running with Zero Based Compressed Oops mode in which the Java heap is
#     placed in the first 32GB address space. The Java Heap base address is the
#     maximum limit for the native heap growth. Please use -XX:HeapBaseMinAddress
#     to set the Java Heap base and to place the Java Heap above 32GB virtual address.
# This output file may be truncated or incomplete.
#
#  Out of Memory Error (arena.cpp:78), pid=29444, tid=27768
#
# JRE version: Java(TM) SE Runtime Environment (17.0.6+9) (build 17.0.6+9-LTS-190)
# Java VM: Java HotSpot(TM) 64-Bit Server VM (17.0.6+9-LTS-190, mixed mode, emulated-client, sharing, tiered, compressed oops, compressed class ptrs, g1 gc, windows-amd64)
# No core dump will be written. Minidumps are not enabled by default on client versions of Windows
#

---------------  S U M M A R Y ------------

Command Line: -XX:TieredStopAtLevel=1 -Dspring.output.ansi.enabled=always -Dcom.sun.management.jmxremote -Dspring.jmx.enabled=true -Dspring.liveBeansView.mbeanDomain -Dspring.application.admin.enabled=true -Dmanagement.endpoints.jmx.exposure.include=* -javaagent:C:\Program Files\JetBrains\IntelliJ IDEA 2023.3.4\lib\idea_rt.jar=35902:C:\Program Files\JetBrains\IntelliJ IDEA 2023.3.4\bin -Dfile.encoding=UTF-8 sprintpay.com.mscontact.MscontactApplication

Host: 11th Gen Intel(R) Core(TM) i5-1155G7 @ 2.50GHz, 8 cores, 15G,  Windows 11 , 64 bit Build 22621 (10.0.22621.3672)
Time: Tue Jun 25 14:04:29 2024 Afr. centrale Ouest elapsed time: 21543.625324 seconds (0d 5h 59m 3s)

---------------  T H R E A D  ---------------

Current thread (0x0000023ce268d1f0):  JavaThread "C1 CompilerThread0" daemon [_thread_in_native, id=27768, stack(0x000000a7fec00000,0x000000a7fed00000)]


Current CompileTask:
C1:21543625 8272       1       org.apache.coyote.http11.Http11InputBuffer::parseRequestLine (1478 bytes)

Stack: [0x000000a7fec00000,0x000000a7fed00000]
Native frames: (J=compiled Java code, j=interpreted, Vv=VM code, C=native code)
V  [jvm.dll+0x6734ea]
V  [jvm.dll+0x7d18f4]
V  [jvm.dll+0x7d309e]
V  [jvm.dll+0x7d3703]
V  [jvm.dll+0x2433c5]
V  [jvm.dll+0xaa6c0]
V  [jvm.dll+0xaaa0c]
V  [jvm.dll+0x172b15]
V  [jvm.dll+0x17b4cf]
V  [jvm.dll+0x177fa7]
V  [jvm.dll+0x132d23]
V  [jvm.dll+0x13262f]
V  [jvm.dll+0x132868]
V  [jvm.dll+0x131d01]
V  [jvm.dll+0x1339ad]
V  [jvm.dll+0x224b6e]
V  [jvm.dll+0x222f15]
V  [jvm.dll+0x78753c]
V  [jvm.dll+0x781a7a]
V  [jvm.dll+0x672375]
C  [ucrtbase.dll+0x29333]
C  [KERNEL32.DLL+0x1257d]
C  [ntdll.dll+0x5af28]


---------------  P R O C E S S  ---------------

Threads class SMR info:
_java_thread_list=0x0000023ce3835e10, length=32, elements={
0x0000023ce2674ea0, 0x0000023ce2675850, 0x0000023ce26876c0, 0x0000023ce2687f80,
0x0000023ce2688840, 0x0000023ce268c930, 0x0000023ce268d1f0, 0x0000023ce300b9a0,
0x0000023ce2664550, 0x0000023ce355dd40, 0x0000023ce33fcc50, 0x0000023ce36bfb60,
0x0000023ce41e17f0, 0x0000023ce4bda770, 0x0000023ce4bd80f0, 0x0000023ce4bdac40,
0x0000023ce4bd7280, 0x0000023ce4bda2a0, 0x0000023ce4bd9dd0, 0x0000023ce4bd9900,
0x0000023ce7d55730, 0x0000023ce7d50560, 0x0000023ce7d55260, 0x0000023ce7d55c00,
0x0000023ce7d56f40, 0x0000023ce7d560d0, 0x0000023ce7d53580, 0x0000023ce7d51d70,
0x0000023ce7d548c0, 0x0000023ce7d578e0, 0x0000023ce7d565a0, 0x0000023ce7d56a70
}

Java Threads: ( => current thread )
  0x0000023ce2674ea0 JavaThread "Reference Handler" daemon [_thread_blocked, id=10800, stack(0x000000a7fe600000,0x000000a7fe700000)]
  0x0000023ce2675850 JavaThread "Finalizer" daemon [_thread_blocked, id=5240, stack(0x000000a7fe700000,0x000000a7fe800000)]
  0x0000023ce26876c0 JavaThread "Signal Dispatcher" daemon [_thread_blocked, id=1664, stack(0x000000a7fe800000,0x000000a7fe900000)]
  0x0000023ce2687f80 JavaThread "Attach Listener" daemon [_thread_blocked, id=20056, stack(0x000000a7fe900000,0x000000a7fea00000)]
  0x0000023ce2688840 JavaThread "Service Thread" daemon [_thread_blocked, id=29144, stack(0x000000a7fea00000,0x000000a7feb00000)]
  0x0000023ce268c930 JavaThread "Monitor Deflation Thread" daemon [_thread_blocked, id=4340, stack(0x000000a7feb00000,0x000000a7fec00000)]
=>0x0000023ce268d1f0 JavaThread "C1 CompilerThread0" daemon [_thread_in_native, id=27768, stack(0x000000a7fec00000,0x000000a7fed00000)]
  0x0000023ce300b9a0 JavaThread "Sweeper thread" daemon [_thread_blocked, id=17172, stack(0x000000a7fed00000,0x000000a7fee00000)]
  0x0000023ce2664550 JavaThread "Common-Cleaner" daemon [_thread_blocked, id=15288, stack(0x000000a7fee00000,0x000000a7fef00000)]
  0x0000023ce355dd40 JavaThread "Monitor Ctrl-Break" daemon [_thread_in_native, id=23972, stack(0x000000a7ff000000,0x000000a7ff100000)]
  0x0000023ce33fcc50 JavaThread "Notification Thread" daemon [_thread_blocked, id=15888, stack(0x000000a7ff100000,0x000000a7ff200000)]
  0x0000023ce36bfb60 JavaThread "RMI TCP Accept-0" daemon [_thread_in_native, id=17496, stack(0x000000a7ff400000,0x000000a7ff500000)]
  0x0000023ce41e17f0 JavaThread "RMI Scheduler(0)" daemon [_thread_blocked, id=12188, stack(0x000000a7ffe00000,0x000000a7fff00000)]
  0x0000023ce4bda770 JavaThread "Catalina-utility-1" [_thread_blocked, id=27844, stack(0x000000a780300000,0x000000a780400000)]
  0x0000023ce4bd80f0 JavaThread "Catalina-utility-2" [_thread_blocked, id=19900, stack(0x000000a780400000,0x000000a780500000)]
  0x0000023ce4bdac40 JavaThread "container-0" [_thread_blocked, id=13244, stack(0x000000a780500000,0x000000a780600000)]
  0x0000023ce4bd7280 JavaThread "mysql-cj-abandoned-connection-cleanup" daemon [_thread_blocked, id=25164, stack(0x000000a780600000,0x000000a780700000)]
  0x0000023ce4bda2a0 JavaThread "HikariPool-1 housekeeper" daemon [_thread_blocked, id=18484, stack(0x000000a780900000,0x000000a780a00000)]
  0x0000023ce4bd9dd0 JavaThread "spring.cloud.inetutils" daemon [_thread_blocked, id=9648, stack(0x000000a780d00000,0x000000a780e00000)]
  0x0000023ce4bd9900 JavaThread "http-nio-7003-exec-1" daemon [_thread_blocked, id=28736, stack(0x000000a780e00000,0x000000a780f00000)]
  0x0000023ce7d55730 JavaThread "http-nio-7003-exec-2" daemon [_thread_blocked, id=20644, stack(0x000000a780f00000,0x000000a781000000)]
  0x0000023ce7d50560 JavaThread "http-nio-7003-exec-3" daemon [_thread_blocked, id=16964, stack(0x000000a781000000,0x000000a781100000)]
  0x0000023ce7d55260 JavaThread "http-nio-7003-exec-4" daemon [_thread_blocked, id=24960, stack(0x000000a781100000,0x000000a781200000)]
  0x0000023ce7d55c00 JavaThread "http-nio-7003-exec-5" daemon [_thread_blocked, id=20352, stack(0x000000a781200000,0x000000a781300000)]
  0x0000023ce7d56f40 JavaThread "http-nio-7003-exec-6" daemon [_thread_blocked, id=28840, stack(0x000000a781300000,0x000000a781400000)]
  0x0000023ce7d560d0 JavaThread "http-nio-7003-exec-7" daemon [_thread_blocked, id=3576, stack(0x000000a781400000,0x000000a781500000)]
  0x0000023ce7d53580 JavaThread "http-nio-7003-exec-8" daemon [_thread_blocked, id=27012, stack(0x000000a781500000,0x000000a781600000)]
  0x0000023ce7d51d70 JavaThread "http-nio-7003-exec-9" daemon [_thread_blocked, id=19268, stack(0x000000a781600000,0x000000a781700000)]
  0x0000023ce7d548c0 JavaThread "http-nio-7003-exec-10" daemon [_thread_blocked, id=24440, stack(0x000000a781700000,0x000000a781800000)]
  0x0000023ce7d578e0 JavaThread "http-nio-7003-Poller" daemon [_thread_in_native, id=10292, stack(0x000000a781800000,0x000000a781900000)]
  0x0000023ce7d565a0 JavaThread "http-nio-7003-Acceptor" daemon [_thread_in_native, id=7816, stack(0x000000a781900000,0x000000a781a00000)]
  0x0000023ce7d56a70 JavaThread "DestroyJavaVM" [_thread_blocked, id=23172, stack(0x000000a7fdf00000,0x000000a7fe000000)]

Other Threads:
  0x0000023ce2671510 VMThread "VM Thread" [stack: 0x000000a7fe500000,0x000000a7fe600000] [id=624]
  0x0000023cc9c923d0 WatcherThread [stack: 0x000000a7ff500000,0x000000a7ff600000] [id=26484]
  0x0000023cc9c76b60 GCTaskThread "GC Thread#0" [stack: 0x000000a7fe000000,0x000000a7fe100000] [id=17660]
  0x0000023ce3ab3330 GCTaskThread "GC Thread#1" [stack: 0x000000a7ff600000,0x000000a7ff700000] [id=6416]
  0x0000023ce3ab35e0 GCTaskThread "GC Thread#2" [stack: 0x000000a7ff700000,0x000000a7ff800000] [id=27968]
  0x0000023ce3ab3890 GCTaskThread "GC Thread#3" [stack: 0x000000a7ff800000,0x000000a7ff900000] [id=28420]
  0x0000023ce3ab3b40 GCTaskThread "GC Thread#4" [stack: 0x000000a7ff900000,0x000000a7ffa00000] [id=19652]
  0x0000023ce3ab3df0 GCTaskThread "GC Thread#5" [stack: 0x000000a7ffa00000,0x000000a7ffb00000] [id=15368]
  0x0000023ce3add4d0 GCTaskThread "GC Thread#6" [stack: 0x000000a7ffb00000,0x000000a7ffc00000] [id=8512]
  0x0000023ce423eec0 GCTaskThread "GC Thread#7" [stack: 0x000000a780000000,0x000000a780100000] [id=8124]
  0x0000023cc99ddf00 ConcurrentGCThread "G1 Main Marker" [stack: 0x000000a7fe100000,0x000000a7fe200000] [id=17200]
  0x0000023cc9c83700 ConcurrentGCThread "G1 Conc#0" [stack: 0x000000a7fe200000,0x000000a7fe300000] [id=2200]
  0x0000023ce4768970 ConcurrentGCThread "G1 Conc#1" [stack: 0x000000a780100000,0x000000a780200000] [id=20300]
  0x0000023cc9cbecd0 ConcurrentGCThread "G1 Refine#0" [stack: 0x000000a7fe300000,0x000000a7fe400000] [id=26676]
  0x0000023ce3add780 ConcurrentGCThread "G1 Refine#1" [stack: 0x000000a7ffc00000,0x000000a7ffd00000] [id=14800]
  0x0000023ce252e780 ConcurrentGCThread "G1 Service" [stack: 0x000000a7fe400000,0x000000a7fe500000] [id=14696]

Threads with active compile tasks:
C1 CompilerThread0  21543652 8272       1       org.apache.coyote.http11.Http11InputBuffer::parseRequestLine (1478 bytes)

VM state: not at safepoint (normal execution)

VM Mutex/Monitor currently owned by a thread: None

Heap address: 0x0000000703600000, size: 4042 MB, Compressed Oops mode: Zero based, Oop shift amount: 3

CDS archive(s) mapped at: [0x0000000800000000-0x0000000800bd0000-0x0000000800bd0000), size 12386304, SharedBaseAddress: 0x0000000800000000, ArchiveRelocationMode: 0.
Compressed class space mapped at: 0x0000000800c00000-0x0000000840c00000, reserved size: 1073741824
Narrow klass base: 0x0000000800000000, Narrow klass shift: 0, Narrow klass range: 0x100000000

GC Precious Log:
 CPUs: 8 total, 8 available
 Memory: 16167M
 Large Page Support: Disabled
 NUMA Support: Disabled
 Compressed Oops: Enabled (Zero based)
 Heap Region Size: 2M
 Heap Min Capacity: 8M
 Heap Initial Capacity: 254M
 Heap Max Capacity: 4042M
 Pre-touch: Disabled
 Parallel Workers: 8
 Concurrent Workers: 2
 Concurrent Refinement Workers: 8
 Periodic GC: Disabled

Heap:
 garbage-first heap   total 131072K, used 59010K [0x0000000703600000, 0x0000000800000000)
  region size 2048K, 7 young (14336K), 3 survivors (6144K)
 Metaspace       used 72417K, committed 73152K, reserved 1114112K
  class space    used 10566K, committed 10944K, reserved 1048576K

Heap Regions: E=young(eden), S=young(survivor), O=old, HS=humongous(starts), HC=humongous(continues), CS=collection set, F=free, OA=open archive, CA=closed archive, TAMS=top-at-mark-start (previous, next)
|   0|0x0000000703600000, 0x0000000703800000, 0x0000000703800000|100%| O|  |TAMS 0x0000000703800000, 0x0000000703600000| Untracked 
|   1|0x0000000703800000, 0x0000000703a00000, 0x0000000703a00000|100%| O|  |TAMS 0x0000000703a00000, 0x0000000703800000| Untracked 
|   2|0x0000000703a00000, 0x0000000703c00000, 0x0000000703c00000|100%| O|  |TAMS 0x0000000703c00000, 0x0000000703a00000| Untracked 
|   3|0x0000000703c00000, 0x0000000703d06000, 0x0000000703e00000| 51%| O|  |TAMS 0x0000000703d06000, 0x0000000703c00000| Untracked 
|   4|0x0000000703e00000, 0x0000000704000000, 0x0000000704000000|100%| O|  |TAMS 0x0000000704000000, 0x0000000703e00000| Untracked 
|   5|0x0000000704000000, 0x0000000704200000, 0x0000000704200000|100%| O|  |TAMS 0x0000000704200000, 0x0000000704000000| Untracked 
|   6|0x0000000704200000, 0x0000000704400000, 0x0000000704400000|100%| O|  |TAMS 0x0000000704400000, 0x0000000704200000| Untracked 
|   7|0x0000000704400000, 0x0000000704600000, 0x0000000704600000|100%| O|  |TAMS 0x0000000704600000, 0x0000000704400000| Untracked 
|   8|0x0000000704600000, 0x0000000704800000, 0x0000000704800000|100%| O|  |TAMS 0x0000000704800000, 0x0000000704600000| Untracked 
|   9|0x0000000704800000, 0x0000000704a00000, 0x0000000704a00000|100%| O|  |TAMS 0x0000000704a00000, 0x0000000704800000| Untracked 
|  10|0x0000000704a00000, 0x0000000704c00000, 0x0000000704c00000|100%| O|  |TAMS 0x0000000704c00000, 0x0000000704a00000| Untracked 
|  11|0x0000000704c00000, 0x0000000704e00000, 0x0000000704e00000|100%| O|  |TAMS 0x0000000704e00000, 0x0000000704c00000| Untracked 
|  12|0x0000000704e00000, 0x0000000705000000, 0x0000000705000000|100%| O|  |TAMS 0x0000000705000000, 0x0000000704e00000| Untracked 
|  13|0x0000000705000000, 0x0000000705200000, 0x0000000705200000|100%| O|  |TAMS 0x0000000705200000, 0x0000000705000000| Untracked 
|  14|0x0000000705200000, 0x0000000705400000, 0x0000000705400000|100%| O|  |TAMS 0x0000000705400000, 0x0000000705200000| Untracked 
|  15|0x0000000705400000, 0x0000000705600000, 0x0000000705600000|100%| O|  |TAMS 0x0000000705600000, 0x0000000705400000| Untracked 
|  16|0x0000000705600000, 0x0000000705800000, 0x0000000705800000|100%| O|  |TAMS 0x0000000705800000, 0x0000000705600000| Untracked 
|  17|0x0000000705800000, 0x0000000705a00000, 0x0000000705a00000|100%| O|  |TAMS 0x0000000705a00000, 0x0000000705800000| Untracked 
|  18|0x0000000705a00000, 0x0000000705c00000, 0x0000000705c00000|100%| O|  |TAMS 0x0000000705c00000, 0x0000000705a00000| Untracked 
|  19|0x0000000705c00000, 0x0000000705e00000, 0x0000000705e00000|100%| O|  |TAMS 0x0000000705e00000, 0x0000000705c00000| Untracked 
|  20|0x0000000705e00000, 0x0000000706000000, 0x0000000706000000|100%| O|  |TAMS 0x0000000706000000, 0x0000000705e00000| Untracked 
|  21|0x0000000706000000, 0x0000000706200000, 0x0000000706200000|100%| O|  |TAMS 0x00000007060e9c00, 0x0000000706000000| Untracked 
|  22|0x0000000706200000, 0x0000000706400000, 0x0000000706400000|100%| O|  |TAMS 0x0000000706200000, 0x0000000706200000| Untracked 
|  23|0x0000000706400000, 0x0000000706565000, 0x0000000706600000| 69%| O|  |TAMS 0x0000000706400000, 0x0000000706400000| Untracked 
|  24|0x0000000706600000, 0x0000000706600000, 0x0000000706800000|  0%| F|  |TAMS 0x0000000706600000, 0x0000000706600000| Untracked 
|  25|0x0000000706800000, 0x0000000706800000, 0x0000000706a00000|  0%| F|  |TAMS 0x0000000706800000, 0x0000000706800000| Untracked 
|  26|0x0000000706a00000, 0x0000000706a00000, 0x0000000706c00000|  0%| F|  |TAMS 0x0000000706a00000, 0x0000000706a00000| Untracked 
|  27|0x0000000706c00000, 0x0000000706c00000, 0x0000000706e00000|  0%| F|  |TAMS 0x0000000706c00000, 0x0000000706c00000| Untracked 
|  28|0x0000000706e00000, 0x0000000706e00000, 0x0000000707000000|  0%| F|  |TAMS 0x0000000706e00000, 0x0000000706e00000| Untracked 
|  29|0x0000000707000000, 0x0000000707000000, 0x0000000707200000|  0%| F|  |TAMS 0x0000000707000000, 0x0000000707000000| Untracked 
|  30|0x0000000707200000, 0x0000000707200000, 0x0000000707400000|  0%| F|  |TAMS 0x0000000707200000, 0x0000000707200000| Untracked 
|  31|0x0000000707400000, 0x0000000707400000, 0x0000000707600000|  0%| F|  |TAMS 0x0000000707400000, 0x0000000707400000| Untracked 
|  32|0x0000000707600000, 0x0000000707600000, 0x0000000707800000|  0%| F|  |TAMS 0x0000000707600000, 0x0000000707600000| Untracked 
|  33|0x0000000707800000, 0x0000000707800000, 0x0000000707a00000|  0%| F|  |TAMS 0x0000000707800000, 0x0000000707800000| Untracked 
|  34|0x0000000707a00000, 0x0000000707b35870, 0x0000000707c00000| 60%| S|CS|TAMS 0x0000000707a00000, 0x0000000707a00000| Complete 
|  35|0x0000000707c00000, 0x0000000707e00000, 0x0000000707e00000|100%| S|CS|TAMS 0x0000000707c00000, 0x0000000707c00000| Complete 
|  36|0x0000000707e00000, 0x0000000708000000, 0x0000000708000000|100%| S|CS|TAMS 0x0000000707e00000, 0x0000000707e00000| Complete 
|  37|0x0000000708000000, 0x0000000708000000, 0x0000000708200000|  0%| F|  |TAMS 0x0000000708000000, 0x0000000708000000| Untracked 
|  38|0x0000000708200000, 0x0000000708200000, 0x0000000708400000|  0%| F|  |TAMS 0x0000000708200000, 0x0000000708200000| Untracked 
|  39|0x0000000708400000, 0x0000000708400000, 0x0000000708600000|  0%| F|  |TAMS 0x0000000708400000, 0x0000000708400000| Untracked 
|  40|0x0000000708600000, 0x0000000708600000, 0x0000000708800000|  0%| F|  |TAMS 0x0000000708600000, 0x0000000708600000| Untracked 
|  41|0x0000000708800000, 0x0000000708800000, 0x0000000708a00000|  0%| F|  |TAMS 0x0000000708800000, 0x0000000708800000| Untracked 
|  42|0x0000000708a00000, 0x0000000708a00000, 0x0000000708c00000|  0%| F|  |TAMS 0x0000000708a00000, 0x0000000708a00000| Untracked 
|  43|0x0000000708c00000, 0x0000000708c00000, 0x0000000708e00000|  0%| F|  |TAMS 0x0000000708c00000, 0x0000000708c00000| Untracked 
|  44|0x0000000708e00000, 0x0000000708e00000, 0x0000000709000000|  0%| F|  |TAMS 0x0000000708e00000, 0x0000000708e00000| Untracked 
|  45|0x0000000709000000, 0x0000000709000000, 0x0000000709200000|  0%| F|  |TAMS 0x0000000709000000, 0x0000000709000000| Untracked 
|  46|0x0000000709200000, 0x0000000709200000, 0x0000000709400000|  0%| F|  |TAMS 0x0000000709200000, 0x0000000709200000| Untracked 
|  47|0x0000000709400000, 0x0000000709400000, 0x0000000709600000|  0%| F|  |TAMS 0x0000000709400000, 0x0000000709400000| Untracked 
|  48|0x0000000709600000, 0x0000000709600000, 0x0000000709800000|  0%| F|  |TAMS 0x0000000709600000, 0x0000000709600000| Untracked 
|  49|0x0000000709800000, 0x0000000709800000, 0x0000000709a00000|  0%| F|  |TAMS 0x0000000709800000, 0x0000000709800000| Untracked 
|  50|0x0000000709a00000, 0x0000000709a00000, 0x0000000709c00000|  0%| F|  |TAMS 0x0000000709a00000, 0x0000000709a00000| Untracked 
|  51|0x0000000709c00000, 0x0000000709c00000, 0x0000000709e00000|  0%| F|  |TAMS 0x0000000709c00000, 0x0000000709c00000| Untracked 
|  52|0x0000000709e00000, 0x0000000709e00000, 0x000000070a000000|  0%| F|  |TAMS 0x0000000709e00000, 0x0000000709e00000| Untracked 
|  53|0x000000070a000000, 0x000000070a000000, 0x000000070a200000|  0%| F|  |TAMS 0x000000070a000000, 0x000000070a000000| Untracked 
|  54|0x000000070a200000, 0x000000070a200000, 0x000000070a400000|  0%| F|  |TAMS 0x000000070a200000, 0x000000070a200000| Untracked 
|  55|0x000000070a400000, 0x000000070a400000, 0x000000070a600000|  0%| F|  |TAMS 0x000000070a400000, 0x000000070a400000| Untracked 
|  56|0x000000070a600000, 0x000000070a600000, 0x000000070a800000|  0%| F|  |TAMS 0x000000070a600000, 0x000000070a600000| Untracked 
|  57|0x000000070a800000, 0x000000070a800000, 0x000000070aa00000|  0%| F|  |TAMS 0x000000070a800000, 0x000000070a800000| Untracked 
|  58|0x000000070aa00000, 0x000000070aa00000, 0x000000070ac00000|  0%| F|  |TAMS 0x000000070aa00000, 0x000000070aa00000| Untracked 
|  59|0x000000070ac00000, 0x000000070ac00000, 0x000000070ae00000|  0%| F|  |TAMS 0x000000070ac00000, 0x000000070ac00000| Untracked 
|  60|0x000000070ae00000, 0x000000070af20fd0, 0x000000070b000000| 56%| E|  |TAMS 0x000000070ae00000, 0x000000070ae00000| Complete 
|  61|0x000000070b000000, 0x000000070b200000, 0x000000070b200000|100%| E|CS|TAMS 0x000000070b000000, 0x000000070b000000| Complete 
|  67|0x000000070bc00000, 0x000000070be00000, 0x000000070be00000|100%| E|CS|TAMS 0x000000070bc00000, 0x000000070bc00000| Complete 
| 126|0x0000000713200000, 0x0000000713400000, 0x0000000713400000|100%| E|CS|TAMS 0x0000000713200000, 0x0000000713200000| Complete 

Card table byte_map: [0x0000023cd6d40000,0x0000023cd7530000] _byte_map_base: 0x0000023cd3525000

Marking Bits (Prev, Next): (CMBitMap*) 0x0000023cc9c770b0, (CMBitMap*) 0x0000023cc9c77070
 Prev Bits: [0x0000023cdbc50000, 0x0000023cdfb78000)
 Next Bits: [0x0000023cd7d20000, 0x0000023cdbc48000)

Polling page: 0x0000023cc9cc0000

Metaspace:

Usage:
  Non-class:     60.40 MB used.
      Class:     10.32 MB used.
       Both:     70.72 MB used.

Virtual space:
  Non-class space:       64.00 MB reserved,      60.75 MB ( 95%) committed,  8 nodes.
      Class space:        1.00 GB reserved,      10.69 MB (  1%) committed,  1 nodes.
             Both:        1.06 GB reserved,      71.44 MB (  7%) committed. 

Chunk freelists:
   Non-Class:  3.01 MB
       Class:  1.31 MB
        Both:  4.32 MB

MaxMetaspaceSize: unlimited
CompressedClassSpaceSize: 1.00 GB
Initial GC threshold: 21.00 MB
Current GC threshold: 109.50 MB
CDS: on
MetaspaceReclaimPolicy: balanced
 - commit_granule_bytes: 65536.
 - commit_granule_words: 8192.
 - virtual_space_node_default_size: 1048576.
 - enlarge_chunks_in_place: 1.
 - new_chunks_are_fully_committed: 0.
 - uncommit_free_chunks: 1.
 - use_allocation_guard: 0.
 - handle_deallocations: 1.


Internal statistics:

num_allocs_failed_limit: 12.
num_arena_births: 1038.
num_arena_deaths: 0.
num_vsnodes_births: 9.
num_vsnodes_deaths: 0.
num_space_committed: 1143.
num_space_uncommitted: 0.
num_chunks_returned_to_freelist: 12.
num_chunks_taken_from_freelist: 3735.
num_chunk_merges: 12.
num_chunk_splits: 2704.
num_chunks_enlarged: 2068.
num_purges: 0.
num_inconsistent_stats: 0.

CodeCache: size=49152Kb used=14684Kb max_used=16193Kb free=34467Kb
 bounds [0x0000023cd2c70000, 0x0000023cd3cc0000, 0x0000023cd5c70000]
 total_blobs=8952 nmethods=8269 adapters=610
 compilation: enabled
              stopped_count=0, restarted_count=0
 full_count=0

Compilation events (20 events):
Event: 21493.978 Thread 0x0000023ce7eb2020 nmethod 8262 0x0000023cd3ab6e10 code [0x0000023cd3ab6fa0, 0x0000023cd3ab7078]
Event: 21493.979 Thread 0x0000023ce7eb2020 8263       1       com.mysql.cj.AbstractQuery::getStatementExecuting (5 bytes)
Event: 21493.979 Thread 0x0000023ce268d1f0 8264       1       com.mysql.cj.protocol.a.result.NativeResultset::getUpdateID (5 bytes)
Event: 21493.979 Thread 0x0000023ce7eb2020 nmethod 8263 0x0000023cd3ab6b10 code [0x0000023cd3ab6ca0, 0x0000023cd3ab6d78]
Event: 21493.979 Thread 0x0000023ce268d1f0 nmethod 8264 0x0000023cd3ab6810 code [0x0000023cd3ab69a0, 0x0000023cd3ab6a78]
Event: 21493.979 Thread 0x0000023ce7eb2020 8265       1       org.hibernate.type.descriptor.java.LongJavaType::wrap (7 bytes)
Event: 21493.979 Thread 0x0000023ce268d1f0 8266       1       org.hibernate.type.descriptor.java.LongJavaType::wrap (60 bytes)
Event: 21493.979 Thread 0x0000023ce7eb2020 nmethod 8265 0x0000023cd3ab6510 code [0x0000023cd3ab66a0, 0x0000023cd3ab6788]
Event: 21493.980 Thread 0x0000023ce268d1f0 nmethod 8266 0x0000023cd3ab5a90 code [0x0000023cd3ab5cc0, 0x0000023cd3ab6248]
Event: 21493.980 Thread 0x0000023ce268d1f0 8267       1       org.hibernate.query.spi.Limit::getMaxRows (5 bytes)
Event: 21493.980 Thread 0x0000023ce268d1f0 nmethod 8267 0x0000023cd3ab5790 code [0x0000023cd3ab5920, 0x0000023cd3ab59f8]
Event: 21493.980 Thread 0x0000023ce268d1f0 8268       1       org.hibernate.query.spi.Limit::getFirstRow (5 bytes)
Event: 21493.980 Thread 0x0000023ce7eb2020 8269       1       org.hibernate.sql.results.graph.entity.internal.EntityResultInitializer::isEntityReturn (2 bytes)
Event: 21493.980 Thread 0x0000023ce268d1f0 nmethod 8268 0x0000023cd3ab5490 code [0x0000023cd3ab5620, 0x0000023cd3ab56f8]
Event: 21493.981 Thread 0x0000023ce268d1f0 8270       1       org.hibernate.sql.results.graph.entity.AbstractEntityInitializer::isEntityInitialized (5 bytes)
Event: 21493.981 Thread 0x0000023ce7eb2020 nmethod 8269 0x0000023cd3ab5190 code [0x0000023cd3ab5320, 0x0000023cd3ab53f8]
Event: 21493.981 Thread 0x0000023ce268d1f0 nmethod 8270 0x0000023cd3ab4e90 code [0x0000023cd3ab5020, 0x0000023cd3ab50f8]
Event: 21493.981 Thread 0x0000023ce268d1f0 8271   !   1       java.util.concurrent.CopyOnWriteArrayList::remove (175 bytes)
Event: 21493.981 Thread 0x0000023ce268d1f0 nmethod 8271 0x0000023cd3ab4110 code [0x0000023cd3ab4300, 0x0000023cd3ab4a38]
Event: 21543.619 Thread 0x0000023ce268d1f0 8272       1       org.apache.coyote.http11.Http11InputBuffer::parseRequestLine (1478 bytes)

GC Heap History (20 events):
Event: 8.276 GC heap before
{Heap before GC invocations=16 (full 0):
 garbage-first heap   total 81920K, used 62322K [0x0000000703600000, 0x0000000800000000)
  region size 2048K, 18 young (36864K), 2 survivors (4096K)
 Metaspace       used 60062K, committed 60672K, reserved 1105920K
  class space    used 8812K, committed 9088K, reserved 1048576K
}
Event: 8.280 GC heap after
{Heap after GC invocations=17 (full 0):
 garbage-first heap   total 81920K, used 31304K [0x0000000703600000, 0x0000000800000000)
  region size 2048K, 2 young (4096K), 2 survivors (4096K)
 Metaspace       used 60062K, committed 60672K, reserved 1105920K
  class space    used 8812K, committed 9088K, reserved 1048576K
}
Event: 8.501 GC heap before
{Heap before GC invocations=18 (full 0):
 garbage-first heap   total 81920K, used 59976K [0x0000000703600000, 0x0000000800000000)
  region size 2048K, 17 young (34816K), 2 survivors (4096K)
 Metaspace       used 61724K, committed 62272K, reserved 1105920K
  class space    used 9091K, committed 9344K, reserved 1048576K
}
Event: 8.503 GC heap after
{Heap after GC invocations=19 (full 0):
 garbage-first heap   total 81920K, used 32135K [0x0000000703600000, 0x0000000800000000)
  region size 2048K, 2 young (4096K), 2 survivors (4096K)
 Metaspace       used 61724K, committed 62272K, reserved 1105920K
  class space    used 9091K, committed 9344K, reserved 1048576K
}
Event: 8.947 GC heap before
{Heap before GC invocations=19 (full 0):
 garbage-first heap   total 81920K, used 64903K [0x0000000703600000, 0x0000000800000000)
  region size 2048K, 18 young (36864K), 2 survivors (4096K)
 Metaspace       used 65883K, committed 66560K, reserved 1105920K
  class space    used 9650K, committed 9984K, reserved 1048576K
}
Event: 8.951 GC heap after
{Heap after GC invocations=20 (full 0):
 garbage-first heap   total 81920K, used 35593K [0x0000000703600000, 0x0000000800000000)
  region size 2048K, 3 young (6144K), 3 survivors (6144K)
 Metaspace       used 65883K, committed 66560K, reserved 1105920K
  class space    used 9650K, committed 9984K, reserved 1048576K
}
Event: 9.054 GC heap before
{Heap before GC invocations=20 (full 0):
 garbage-first heap   total 81920K, used 62217K [0x0000000703600000, 0x0000000800000000)
  region size 2048K, 17 young (34816K), 3 survivors (6144K)
 Metaspace       used 66522K, committed 67136K, reserved 1105920K
  class space    used 9723K, committed 10048K, reserved 1048576K
}
Event: 9.059 GC heap after
{Heap after GC invocations=21 (full 0):
 garbage-first heap   total 81920K, used 41732K [0x0000000703600000, 0x0000000800000000)
  region size 2048K, 3 young (6144K), 3 survivors (6144K)
 Metaspace       used 66522K, committed 67136K, reserved 1105920K
  class space    used 9723K, committed 10048K, reserved 1048576K
}
Event: 9.106 GC heap before
{Heap before GC invocations=21 (full 0):
 garbage-first heap   total 81920K, used 62212K [0x0000000703600000, 0x0000000800000000)
  region size 2048K, 13 young (26624K), 3 survivors (6144K)
 Metaspace       used 66584K, committed 67264K, reserved 1114112K
  class space    used 9732K, committed 10048K, reserved 1048576K
}
Event: 9.111 GC heap after
{Heap after GC invocations=22 (full 0):
 garbage-first heap   total 81920K, used 47039K [0x0000000703600000, 0x0000000800000000)
  region size 2048K, 2 young (4096K), 2 survivors (4096K)
 Metaspace       used 66584K, committed 67264K, reserved 1114112K
  class space    used 9732K, committed 10048K, reserved 1048576K
}
Event: 9.154 GC heap before
{Heap before GC invocations=22 (full 0):
 garbage-first heap   total 81920K, used 59327K [0x0000000703600000, 0x0000000800000000)
  region size 2048K, 9 young (18432K), 2 survivors (4096K)
 Metaspace       used 66617K, committed 67264K, reserved 1114112K
  class space    used 9737K, committed 10048K, reserved 1048576K
}
Event: 9.158 GC heap after
{Heap after GC invocations=23 (full 0):
 garbage-first heap   total 116736K, used 50722K [0x0000000703600000, 0x0000000800000000)
  region size 2048K, 2 young (4096K), 2 survivors (4096K)
 Metaspace       used 66617K, committed 67264K, reserved 1114112K
  class space    used 9737K, committed 10048K, reserved 1048576K
}
Event: 9.258 GC heap before
{Heap before GC invocations=24 (full 0):
 garbage-first heap   total 131072K, used 83490K [0x0000000703600000, 0x0000000800000000)
  region size 2048K, 19 young (38912K), 2 survivors (4096K)
 Metaspace       used 66617K, committed 67264K, reserved 1114112K
  class space    used 9737K, committed 10048K, reserved 1048576K
}
Event: 9.259 GC heap after
{Heap after GC invocations=25 (full 0):
 garbage-first heap   total 131072K, used 48474K [0x0000000703600000, 0x0000000800000000)
  region size 2048K, 1 young (2048K), 1 survivors (2048K)
 Metaspace       used 66617K, committed 67264K, reserved 1114112K
  class space    used 9737K, committed 10048K, reserved 1048576K
}
Event: 9.338 GC heap before
{Heap before GC invocations=25 (full 0):
 garbage-first heap   total 131072K, used 95578K [0x0000000703600000, 0x0000000800000000)
  region size 2048K, 25 young (51200K), 1 survivors (2048K)
 Metaspace       used 66625K, committed 67328K, reserved 1114112K
  class space    used 9738K, committed 10048K, reserved 1048576K
}
Event: 9.341 GC heap after
{Heap after GC invocations=26 (full 0):
 garbage-first heap   total 131072K, used 48986K [0x0000000703600000, 0x0000000800000000)
  region size 2048K, 1 young (2048K), 1 survivors (2048K)
 Metaspace       used 66625K, committed 67328K, reserved 1114112K
  class space    used 9738K, committed 10048K, reserved 1048576K
}
Event: 9.581 GC heap before
{Heap before GC invocations=26 (full 0):
 garbage-first heap   total 131072K, used 98138K [0x0000000703600000, 0x0000000800000000)
  region size 2048K, 26 young (53248K), 1 survivors (2048K)
 Metaspace       used 67954K, committed 68608K, reserved 1114112K
  class space    used 9928K, committed 10240K, reserved 1048576K
}
Event: 9.583 GC heap after
{Heap after GC invocations=27 (full 0):
 garbage-first heap   total 131072K, used 49110K [0x0000000703600000, 0x0000000800000000)
  region size 2048K, 1 young (2048K), 1 survivors (2048K)
 Metaspace       used 67954K, committed 68608K, reserved 1114112K
  class space    used 9928K, committed 10240K, reserved 1048576K
}
Event: 17870.182 GC heap before
{Heap before GC invocations=27 (full 0):
 garbage-first heap   total 131072K, used 100310K [0x0000000703600000, 0x0000000800000000)
  region size 2048K, 27 young (55296K), 1 survivors (2048K)
 Metaspace       used 72378K, committed 73088K, reserved 1114112K
  class space    used 10556K, committed 10880K, reserved 1048576K
}
Event: 17870.219 GC heap after
{Heap after GC invocations=28 (full 0):
 garbage-first heap   total 131072K, used 52866K [0x0000000703600000, 0x0000000800000000)
  region size 2048K, 3 young (6144K), 3 survivors (6144K)
 Metaspace       used 72378K, committed 73088K, reserved 1114112K
  class space    used 10556K, committed 10880K, reserved 1048576K
}

Deoptimization events (20 events):
Event: 2.338 Thread 0x0000023cc9c08580 DEOPT PACKING pc=0x0000023cd32bd5d5 sp=0x000000a7fdffd7c0
Event: 2.338 Thread 0x0000023cc9c08580 DEOPT UNPACKING pc=0x0000023cd2cc66e3 sp=0x000000a7fdffcc68 mode 3
Event: 3.517 Thread 0x0000023cc9c08580 DEOPT PACKING pc=0x0000023cd31851ac sp=0x000000a7fdffe1f0
Event: 3.517 Thread 0x0000023cc9c08580 DEOPT UNPACKING pc=0x0000023cd2cc66e3 sp=0x000000a7fdffd6b8 mode 0
Event: 4.288 Thread 0x0000023cc9c08580 DEOPT PACKING pc=0x0000023cd341dd6c sp=0x000000a7fdffcf60
Event: 4.288 Thread 0x0000023cc9c08580 DEOPT UNPACKING pc=0x0000023cd2cc66e3 sp=0x000000a7fdffc418 mode 0
Event: 4.845 Thread 0x0000023cc9c08580 DEOPT PACKING pc=0x0000023cd354f4a5 sp=0x000000a7fdffc4c0
Event: 4.845 Thread 0x0000023cc9c08580 DEOPT UNPACKING pc=0x0000023cd2cc66e3 sp=0x000000a7fdffba28 mode 3
Event: 7.677 Thread 0x0000023cc9c08580 DEOPT PACKING pc=0x0000023cd327ebd2 sp=0x000000a7fdffbe20
Event: 7.677 Thread 0x0000023cc9c08580 DEOPT UNPACKING pc=0x0000023cd2cc66e3 sp=0x000000a7fdffb328 mode 3
Event: 7.797 Thread 0x0000023cc9c08580 DEOPT PACKING pc=0x0000023cd326ebd4 sp=0x000000a7fdffc280
Event: 7.797 Thread 0x0000023cc9c08580 DEOPT UNPACKING pc=0x0000023cd2cc66e3 sp=0x000000a7fdffb7d8 mode 0
Event: 8.992 Thread 0x0000023cc9c08580 DEOPT PACKING pc=0x0000023cd38c8693 sp=0x000000a7fdffccd0
Event: 8.992 Thread 0x0000023cc9c08580 DEOPT UNPACKING pc=0x0000023cd2cc66e3 sp=0x000000a7fdffc218 mode 3
Event: 9.843 Thread 0x0000023ce4bd9dd0 DEOPT PACKING pc=0x0000023cd393c8b4 sp=0x000000a780dff280
Event: 9.843 Thread 0x0000023ce4bd9dd0 DEOPT UNPACKING pc=0x0000023cd2cc66e3 sp=0x000000a780dfe800 mode 0
Event: 17805.244 Thread 0x0000023ce7d50560 DEOPT PACKING pc=0x0000023cd3872edc sp=0x000000a7810fc760
Event: 17805.245 Thread 0x0000023ce7d50560 DEOPT UNPACKING pc=0x0000023cd2cc66e3 sp=0x000000a7810fbc20 mode 0
Event: 17874.010 Thread 0x0000023ce4bd9900 DEOPT PACKING pc=0x0000023cd2f3591b sp=0x000000a780efcc30
Event: 17874.010 Thread 0x0000023ce4bd9900 DEOPT UNPACKING pc=0x0000023cd2cc66e3 sp=0x000000a780efc158 mode 3

Classes unloaded (0 events):
No events

Classes redefined (0 events):
No events

Internal exceptions (20 events):
Event: 9.341 Thread 0x0000023ce4bd9900 Exception <a 'sun/nio/fs/WindowsException'{0x0000000713375db0}> (0x0000000713375db0) 
thrown [s\open\src\hotspot\share\prims\jni.cpp, line 516]
Event: 9.341 Thread 0x0000023ce4bd9900 Exception <a 'sun/nio/fs/WindowsException'{0x0000000713376040}> (0x0000000713376040) 
thrown [s\open\src\hotspot\share\prims\jni.cpp, line 516]
Event: 9.342 Thread 0x0000023ce4bd9900 Exception <a 'sun/nio/fs/WindowsException'{0x0000000713376930}> (0x0000000713376930) 
thrown [s\open\src\hotspot\share\prims\jni.cpp, line 516]
Event: 9.342 Thread 0x0000023ce4bd9900 Exception <a 'sun/nio/fs/WindowsException'{0x0000000713376bd0}> (0x0000000713376bd0) 
thrown [s\open\src\hotspot\share\prims\jni.cpp, line 516]
Event: 9.342 Thread 0x0000023ce4bd9900 Exception <a 'sun/nio/fs/WindowsException'{0x00000007133774d8}> (0x00000007133774d8) 
thrown [s\open\src\hotspot\share\prims\jni.cpp, line 516]
Event: 9.342 Thread 0x0000023ce4bd9900 Exception <a 'sun/nio/fs/WindowsException'{0x0000000713377798}> (0x0000000713377798) 
thrown [s\open\src\hotspot\share\prims\jni.cpp, line 516]
Event: 9.342 Thread 0x0000023ce4bd9900 Exception <a 'sun/nio/fs/WindowsException'{0x0000000713378098}> (0x0000000713378098) 
thrown [s\open\src\hotspot\share\prims\jni.cpp, line 516]
Event: 9.342 Thread 0x0000023ce4bd9900 Exception <a 'sun/nio/fs/WindowsException'{0x0000000713378358}> (0x0000000713378358) 
thrown [s\open\src\hotspot\share\prims\jni.cpp, line 516]
Event: 9.405 Thread 0x0000023cc9c08580 Exception <a 'java/lang/NoSuchMethodError'{0x0000000708ed1ba8}: 'void java.lang.invoke.DirectMethodHandle$Holder.invokeVirtual(java.lang.Object, java.lang.Object, long)'> (0x0000000708ed1ba8) 
thrown [s\open\src\hotspot\share\interpreter\linkResolver.cpp, line 759]
Event: 9.467 Thread 0x0000023cc9c08580 Exception <a 'java/lang/NoSuchMethodError'{0x0000000708ac5708}: 'int java.lang.invoke.DirectMethodHandle$Holder.invokeStaticInit(java.lang.Object, java.lang.Object, java.lang.Object, java.lang.Object)'> (0x0000000708ac5708) 
thrown [s\open\src\hotspot\share\interpreter\linkResolver.cpp, line 759]
Event: 9.537 Thread 0x0000023cc9c08580 Exception <a 'java/lang/IncompatibleClassChangeError'{0x000000070861d0f0}: Found class java.lang.Object, but interface was expected> (0x000000070861d0f0) 
thrown [s\open\src\hotspot\share\interpreter\linkResolver.cpp, line 826]
Event: 9.741 Thread 0x0000023cc9c08580 Exception <a 'java/lang/NoSuchMethodError'{0x000000070b0dbf08}: 'java.lang.Object java.lang.invoke.DirectMethodHandle$Holder.invokeSpecial(java.lang.Object, java.lang.Object, int, java.lang.Object, int, java.lang.Object)'> (0x000000070b0dbf08) 
thrown [s\open\src\hotspot\share\interpreter\linkResolver.cpp, line 759]
Event: 9.741 Thread 0x0000023cc9c08580 Exception <a 'java/lang/NoSuchMethodError'{0x000000070b0e3c80}: 'java.lang.Object java.lang.invoke.DirectMethodHandle$Holder.newInvokeSpecial(java.lang.Object, java.lang.Object, int, java.lang.Object, int)'> (0x000000070b0e3c80) 
thrown [s\open\src\hotspot\share\interpreter\linkResolver.cpp, line 759]
Event: 9.742 Thread 0x0000023cc9c08580 Exception <a 'java/lang/NoSuchMethodError'{0x000000070b0e7d80}: 'java.lang.Object java.lang.invoke.DirectMethodHandle$Holder.invokeSpecial(java.lang.Object, java.lang.Object, java.lang.Object, int, java.lang.Object, int)'> (0x000000070b0e7d80) 
thrown [s\open\src\hotspot\share\interpreter\linkResolver.cpp, line 759]
Event: 752.199 Thread 0x0000023ce4bd9900 Exception <a 'java/lang/NoSuchMethodError'{0x000000070aa30230}: 'java.lang.Object java.lang.invoke.DirectMethodHandle$Holder.invokeSpecial(java.lang.Object, java.lang.Object, java.lang.Object, java.lang.Object, java.lang.Object, long)'> (0x000000070aa30230) 
thrown [s\open\src\hotspot\share\interpreter\linkResolver.cpp, line 759]
Event: 752.199 Thread 0x0000023ce4bd9900 Exception <a 'java/lang/NoSuchMethodError'{0x000000070aa33c70}: 'java.lang.Object java.lang.invoke.Invokers$Holder.linkToTargetMethod(java.lang.Object, java.lang.Object, java.lang.Object, long, java.lang.Object)'> (0x000000070aa33c70) 
thrown [s\open\src\hotspot\share\interpreter\linkResolver.cpp, line 759]
Event: 752.403 Thread 0x0000023ce4bd9900 Exception <a 'java/lang/NoSuchMethodError'{0x000000070a629df8}: 'java.lang.Object java.lang.invoke.DirectMethodHandle$Holder.invokeInterface(java.lang.Object, java.lang.Object, java.lang.Object, java.lang.Object)'> (0x000000070a629df8) 
thrown [s\open\src\hotspot\share\interpreter\linkResolver.cpp, line 759]
Event: 752.457 Thread 0x0000023ce4bd9900 Exception <a 'java/lang/NoSuchMethodError'{0x000000070a69afe0}: 'void java.lang.invoke.DirectMethodHandle$Holder.invokeSpecialIFC(java.lang.Object, java.lang.Object, int, java.lang.Object, java.lang.Object, java.lang.Object, java.lang.Object)'> (0x000000070a69afe0) 
thrown [s\open\src\hotspot\share\interpreter\linkResolver.cpp, line 759]
Event: 17805.191 Thread 0x0000023ce7d50560 Exception <a 'java/lang/IncompatibleClassChangeError'{0x000000070858e460}: Found class java.lang.Object, but interface was expected> (0x000000070858e460) 
thrown [s\open\src\hotspot\share\interpreter\linkResolver.cpp, line 826]
Event: 17805.203 Thread 0x0000023ce7d50560 Exception <a 'java/lang/NoSuchMethodError'{0x00000007085c2908}: 'java.lang.Object java.lang.invoke.DirectMethodHandle$Holder.newInvokeSpecial(java.lang.Object, long)'> (0x00000007085c2908) 
thrown [s\open\src\hotspot\share\interpreter\linkResolver.cpp, line 759]

VM Operations (20 events):
Event: 17871.229 Executing VM operation: Cleanup
Event: 17871.229 Executing VM operation: Cleanup done
Event: 17874.244 Executing VM operation: Cleanup
Event: 17874.244 Executing VM operation: Cleanup done
Event: 17879.281 Executing VM operation: Cleanup
Event: 17879.281 Executing VM operation: Cleanup done
Event: 19525.461 Executing VM operation: Cleanup
Event: 19525.462 Executing VM operation: Cleanup done
Event: 19541.570 Executing VM operation: Cleanup
Event: 19541.570 Executing VM operation: Cleanup done
Event: 19548.602 Executing VM operation: Cleanup
Event: 19548.602 Executing VM operation: Cleanup done
Event: 19603.943 Executing VM operation: Cleanup
Event: 19603.943 Executing VM operation: Cleanup done
Event: 21425.426 Executing VM operation: Cleanup
Event: 21425.426 Executing VM operation: Cleanup done
Event: 21489.885 Executing VM operation: Cleanup
Event: 21489.885 Executing VM operation: Cleanup done
Event: 21494.909 Executing VM operation: Cleanup
Event: 21494.909 Executing VM operation: Cleanup done

Events (20 events):
Event: 21357.058 Thread 0x0000023ce7eb2020 Thread exited: 0x0000023ce7eb2020
Event: 21357.058 Thread 0x0000023ce7d2da50 Thread exited: 0x0000023ce7d2da50
Event: 21373.261 Thread 0x0000023ce7d53a50 Thread added: 0x0000023ce7d53a50
Event: 21373.261 Thread 0x0000023ce7d52710 Thread added: 0x0000023ce7d52710
Event: 21378.266 Thread 0x0000023ce7d53a50 Thread exited: 0x0000023ce7d53a50
Event: 21378.281 Thread 0x0000023ce7d52710 Thread exited: 0x0000023ce7d52710
Event: 21381.743 Thread 0x0000023ce7d50f00 Thread added: 0x0000023ce7d50f00
Event: 21381.743 Thread 0x0000023ce7d54d90 Thread added: 0x0000023ce7d54d90
Event: 21386.747 Thread 0x0000023ce7d50f00 Thread exited: 0x0000023ce7d50f00
Event: 21386.763 Thread 0x0000023ce7d54d90 Thread exited: 0x0000023ce7d54d90
Event: 21425.219 loading class java/util/concurrent/locks/ReentrantReadWriteLock$Sync$HoldCounter
Event: 21425.219 loading class java/util/concurrent/locks/ReentrantReadWriteLock$Sync$HoldCounter done
Event: 21425.255 Thread 0x0000023ce7d2da50 Thread added: 0x0000023ce7d2da50
Event: 21425.255 Thread 0x0000023ce7eb2020 Thread added: 0x0000023ce7eb2020
Event: 21425.255 Thread 0x0000023ce837b450 Thread added: 0x0000023ce837b450
Event: 21430.275 Thread 0x0000023ce837b450 Thread exited: 0x0000023ce837b450
Event: 21435.271 Thread 0x0000023ce7eb2020 Thread exited: 0x0000023ce7eb2020
Event: 21440.271 Thread 0x0000023ce7d2da50 Thread exited: 0x0000023ce7d2da50
Event: 21489.235 Thread 0x0000023ce7eb2020 Thread added: 0x0000023ce7eb2020
Event: 21498.995 Thread 0x0000023ce7eb2020 Thread exited: 0x0000023ce7eb2020


Dynamic libraries:
0x00007ff6e10a0000 - 0x00007ff6e10b0000 	C:\JDK\jdk-17\bin\java.exe
0x00007ffc6f2b0000 - 0x00007ffc6f4c7000 	C:\Windows\SYSTEM32\ntdll.dll
0x00007ffc6d980000 - 0x00007ffc6da44000 	C:\Windows\System32\KERNEL32.DLL
0x00007ffc6c5e0000 - 0x00007ffc6c98c000 	C:\Windows\System32\KERNELBASE.dll
0x00007ffc6ce20000 - 0x00007ffc6cf31000 	C:\Windows\System32\ucrtbase.dll
0x00007ffc63c00000 - 0x00007ffc63c1b000 	C:\JDK\jdk-17\bin\VCRUNTIME140.dll
0x00007ffc57bd0000 - 0x00007ffc57be8000 	C:\JDK\jdk-17\bin\jli.dll
0x00007ffc6d210000 - 0x00007ffc6d2c2000 	C:\Windows\System32\ADVAPI32.dll
0x00007ffc6e190000 - 0x00007ffc6e237000 	C:\Windows\System32\msvcrt.dll
0x00007ffc6d790000 - 0x00007ffc6d83a000 	C:\Windows\System32\sechost.dll
0x00007ffc6c990000 - 0x00007ffc6c9b8000 	C:\Windows\System32\bcrypt.dll
0x00007ffc6d860000 - 0x00007ffc6d975000 	C:\Windows\System32\RPCRT4.dll
0x00007ffc6d000000 - 0x00007ffc6d1ae000 	C:\Windows\System32\USER32.dll
0x00007ffc59080000 - 0x00007ffc59313000 	C:\Windows\WinSxS\amd64_microsoft.windows.common-controls_6595b64144ccf1df_6.0.22621.3672_none_2713b9d173822955\COMCTL32.dll
0x00007ffc6cfc0000 - 0x00007ffc6cfe6000 	C:\Windows\System32\win32u.dll
0x00007ffc6d760000 - 0x00007ffc6d789000 	C:\Windows\System32\GDI32.dll
0x00007ffc6cba0000 - 0x00007ffc6ccb9000 	C:\Windows\System32\gdi32full.dll
0x00007ffc6ccc0000 - 0x00007ffc6cd5a000 	C:\Windows\System32\msvcp_win.dll
0x00007ffc66000000 - 0x00007ffc6600a000 	C:\Windows\SYSTEM32\VERSION.dll
0x00007ffc6e5a0000 - 0x00007ffc6e5d1000 	C:\Windows\System32\IMM32.DLL
0x00007ffc656d0000 - 0x00007ffc656dc000 	C:\JDK\jdk-17\bin\vcruntime140_1.dll
0x00007ffc21010000 - 0x00007ffc2109e000 	C:\JDK\jdk-17\bin\msvcp140.dll
0x00007ffbcddf0000 - 0x00007ffbce9c7000 	C:\JDK\jdk-17\bin\server\jvm.dll
0x00007ffc6cff0000 - 0x00007ffc6cff8000 	C:\Windows\System32\PSAPI.DLL
0x00007ffc682f0000 - 0x00007ffc68324000 	C:\Windows\SYSTEM32\WINMM.dll
0x00007ffc66200000 - 0x00007ffc66209000 	C:\Windows\SYSTEM32\WSOCK32.dll
0x00007ffc6e520000 - 0x00007ffc6e591000 	C:\Windows\System32\WS2_32.dll
0x00007ffc6b680000 - 0x00007ffc6b698000 	C:\Windows\SYSTEM32\kernel.appcore.dll
0x00007ffc65670000 - 0x00007ffc6567a000 	C:\JDK\jdk-17\bin\jimage.dll
0x00007ffc69e40000 - 0x00007ffc6a072000 	C:\Windows\SYSTEM32\DBGHELP.DLL
0x00007ffc6daa0000 - 0x00007ffc6de28000 	C:\Windows\System32\combase.dll
0x00007ffc6e5e0000 - 0x00007ffc6e6b7000 	C:\Windows\System32\OLEAUT32.dll
0x00007ffc57c50000 - 0x00007ffc57c82000 	C:\Windows\SYSTEM32\dbgcore.DLL
0x00007ffc6cf40000 - 0x00007ffc6cfbb000 	C:\Windows\System32\bcryptPrimitives.dll
0x00007ffc62fb0000 - 0x00007ffc62fbe000 	C:\JDK\jdk-17\bin\instrument.dll
0x00007ffc4b1a0000 - 0x00007ffc4b1c5000 	C:\JDK\jdk-17\bin\java.dll
0x00007ffc19730000 - 0x00007ffc19807000 	C:\JDK\jdk-17\bin\jsvml.dll
0x00007ffc6ea10000 - 0x00007ffc6f26c000 	C:\Windows\System32\SHELL32.dll
0x00007ffc6a4f0000 - 0x00007ffc6ade7000 	C:\Windows\SYSTEM32\windows.storage.dll
0x00007ffc6a3b0000 - 0x00007ffc6a4ef000 	C:\Windows\SYSTEM32\wintypes.dll
0x00007ffc6dff0000 - 0x00007ffc6e0e4000 	C:\Windows\System32\SHCORE.dll
0x00007ffc6d1b0000 - 0x00007ffc6d20e000 	C:\Windows\System32\shlwapi.dll
0x00007ffc6c510000 - 0x00007ffc6c531000 	C:\Windows\SYSTEM32\profapi.dll
0x00007ffc641a0000 - 0x00007ffc641b8000 	C:\JDK\jdk-17\bin\zip.dll
0x00007ffc56900000 - 0x00007ffc56919000 	C:\JDK\jdk-17\bin\net.dll
0x00007ffc67540000 - 0x00007ffc67676000 	C:\Windows\SYSTEM32\WINHTTP.dll
0x00007ffc6bb70000 - 0x00007ffc6bbd9000 	C:\Windows\system32\mswsock.dll
0x00007ffc56870000 - 0x00007ffc56886000 	C:\JDK\jdk-17\bin\nio.dll
0x00007ffc55250000 - 0x00007ffc5526a000 	C:\Program Files\JetBrains\IntelliJ IDEA 2023.3.4\bin\breakgen64.dll
0x00007ffc6b0c0000 - 0x00007ffc6b1b8000 	C:\Windows\SYSTEM32\DNSAPI.dll
0x00007ffc6b050000 - 0x00007ffc6b07d000 	C:\Windows\SYSTEM32\IPHLPAPI.DLL
0x00007ffc6e510000 - 0x00007ffc6e519000 	C:\Windows\System32\NSI.dll
0x00007ffc64640000 - 0x00007ffc6464a000 	C:\Windows\System32\rasadhlp.dll
0x00007ffc65010000 - 0x00007ffc65093000 	C:\Windows\System32\fwpuclnt.dll
0x00007ffc59c20000 - 0x00007ffc59c2a000 	C:\JDK\jdk-17\bin\management.dll
0x00007ffc59330000 - 0x00007ffc5933b000 	C:\JDK\jdk-17\bin\management_ext.dll
0x00007ffc6bdd0000 - 0x00007ffc6bdeb000 	C:\Windows\SYSTEM32\CRYPTSP.dll
0x00007ffc6b5d0000 - 0x00007ffc6b605000 	C:\Windows\system32\rsaenh.dll
0x00007ffc6bc70000 - 0x00007ffc6bc98000 	C:\Windows\SYSTEM32\USERENV.dll
0x00007ffc6bdf0000 - 0x00007ffc6bdfc000 	C:\Windows\SYSTEM32\CRYPTBASE.dll
0x00007ffc66170000 - 0x00007ffc66189000 	C:\Windows\SYSTEM32\dhcpcsvc6.DLL
0x00007ffc66150000 - 0x00007ffc6616f000 	C:\Windows\SYSTEM32\dhcpcsvc.DLL
0x00007ffc08690000 - 0x00007ffc086a7000 	C:\Windows\system32\napinsp.dll
0x00007ffc54c40000 - 0x00007ffc54c5b000 	C:\Windows\system32\pnrpnsp.dll
0x00007ffc08670000 - 0x00007ffc08681000 	C:\Windows\System32\winrnr.dll
0x00007ffc650a0000 - 0x00007ffc650b5000 	C:\Windows\system32\wshbth.dll
0x00007ffbf4200000 - 0x00007ffbf4227000 	C:\Windows\system32\nlansp_c.dll
0x00007ffc57930000 - 0x00007ffc5793d000 	C:\JDK\jdk-17\bin\sunmscapi.dll
0x00007ffc6c9c0000 - 0x00007ffc6cb27000 	C:\Windows\System32\CRYPT32.dll
0x00007ffc6bf70000 - 0x00007ffc6bf9e000 	C:\Windows\SYSTEM32\ncrypt.dll
0x00007ffc6bf30000 - 0x00007ffc6bf67000 	C:\Windows\SYSTEM32\NTASN1.dll
0x00007ffc64560000 - 0x00007ffc64570000 	C:\JDK\jdk-17\bin\verify.dll
0x00007ffc65a70000 - 0x00007ffc65a78000 	C:\Windows\system32\wshunix.dll

dbghelp: loaded successfully - version: 4.0.5 - missing functions: none
symbol engine: initialized successfully - sym options: 0x614 - pdb path: .;C:\JDK\jdk-17\bin;C:\Windows\SYSTEM32;C:\Windows\WinSxS\amd64_microsoft.windows.common-controls_6595b64144ccf1df_6.0.22621.3672_none_2713b9d173822955;C:\JDK\jdk-17\bin\server;C:\Program Files\JetBrains\IntelliJ IDEA 2023.3.4\bin

VM Arguments:
jvm_args: -XX:TieredStopAtLevel=1 -Dspring.output.ansi.enabled=always -Dcom.sun.management.jmxremote -Dspring.jmx.enabled=true -Dspring.liveBeansView.mbeanDomain -Dspring.application.admin.enabled=true -Dmanagement.endpoints.jmx.exposure.include=* -javaagent:C:\Program Files\JetBrains\IntelliJ IDEA 2023.3.4\lib\idea_rt.jar=35902:C:\Program Files\JetBrains\IntelliJ IDEA 2023.3.4\bin -Dfile.encoding=UTF-8 
java_command: sprintpay.com.mscontact.MscontactApplication
java_class_path (initial): D:\projet de stage\spcrm-mscontact\target\classes;C:\Users\danie\.m2\repository\org\springframework\boot\spring-boot-starter-web\3.2.5\spring-boot-starter-web-3.2.5.jar;C:\Users\danie\.m2\repository\org\springframework\boot\spring-boot-starter\3.2.5\spring-boot-starter-3.2.5.jar;C:\Users\danie\.m2\repository\org\springframework\boot\spring-boot\3.2.5\spring-boot-3.2.5.jar;C:\Users\danie\.m2\repository\org\springframework\boot\spring-boot-autoconfigure\3.2.5\spring-boot-autoconfigure-3.2.5.jar;C:\Users\danie\.m2\repository\org\springframework\boot\spring-boot-starter-logging\3.2.5\spring-boot-starter-logging-3.2.5.jar;C:\Users\danie\.m2\repository\ch\qos\logback\logback-classic\1.4.14\logback-classic-1.4.14.jar;C:\Users\danie\.m2\repository\ch\qos\logback\logback-core\1.4.14\logback-core-1.4.14.jar;C:\Users\danie\.m2\repository\org\apache\logging\log4j\log4j-to-slf4j\2.21.1\log4j-to-slf4j-2.21.1.jar;C:\Users\danie\.m2\repository\org\apache\logging\log4j\log4j-api\2.21.1\log4j-api-2.21.1.jar;C:\Users\danie\.m2\repository\org\slf4j\jul-to-slf4j\2.0.13\jul-to-slf4j-2.0.13.jar;C:\Users\danie\.m2\repository\jakarta\annotation\jakarta.annotation-api\2.1.1\jakarta.annotation-api-2.1.1.jar;C:\Users\danie\.m2\repository\org\yaml\snakeyaml\2.2\snakeyaml-2.2.jar;C:\Users\danie\.m2\repository\org\springframework\boot\spring-boot-starter-json\3.2.5\spring-boot-starter-json-3.2.5.jar;C:\Users\danie\.m2\repository\com\fasterxml\jackson\datatype\jackson-datatype-jdk8\2.15.4\jackson-datatype-jdk8-2.15.4.jar;C:\Users\danie\.m2\repository\com\fasterxml\jackson\datatype\jackson-datatype-jsr310\2.15.4\jackson-datatype-jsr310-2.15.4.jar;C:\Users\danie\.m2\repository\com\fasterxml\jackson\module\jackson-module-parameter-names\2.15.4\jackson-module-parameter-names-2.15.4.jar;C:\Users\danie\.m2\repository\org\springframework\boot\spring-boot-starter-tomcat\3.2.5\spring-boot-starter-tomcat-3.2.5.jar;C:\Users\danie\.m2\repository\org\apache\tomcat\embed\tomcat-embe
Launcher Type: SUN_STANDARD

[Global flags]
     intx CICompilerCount                          = 4                                         {product} {ergonomic}
     uint ConcGCThreads                            = 2                                         {product} {ergonomic}
     uint G1ConcRefinementThreads                  = 8                                         {product} {ergonomic}
   size_t G1HeapRegionSize                         = 2097152                                   {product} {ergonomic}
    uintx GCDrainStackTargetSize                   = 64                                        {product} {ergonomic}
   size_t InitialHeapSize                          = 266338304                                 {product} {ergonomic}
     bool ManagementServer                         = true                                      {product} {command line}
   size_t MarkStackSize                            = 4194304                                   {product} {ergonomic}
   size_t MaxHeapSize                              = 4238344192                                {product} {ergonomic}
   size_t MaxNewSize                               = 2541748224                                {product} {ergonomic}
   size_t MinHeapDeltaBytes                        = 2097152                                   {product} {ergonomic}
   size_t MinHeapSize                              = 8388608                                   {product} {ergonomic}
    uintx NonProfiledCodeHeapSize                  = 0                                      {pd product} {ergonomic}
     bool ProfileInterpreter                       = false                                  {pd product} {command line}
    uintx ProfiledCodeHeapSize                     = 0                                      {pd product} {ergonomic}
   size_t SoftMaxHeapSize                          = 4238344192                             {manageable} {ergonomic}
     intx TieredStopAtLevel                        = 1                                         {product} {command line}
     bool UseCompressedClassPointers               = true                           {product lp64_product} {ergonomic}
     bool UseCompressedOops                        = true                           {product lp64_product} {ergonomic}
     bool UseG1GC                                  = true                                      {product} {ergonomic}
     bool UseLargePagesIndividualAllocation        = false                                  {pd product} {ergonomic}

Logging:
Log output configuration:
 #0: stdout all=warning uptime,level,tags
 #1: stderr all=off uptime,level,tags

Environment Variables:
JAVA_HOME=C:\Program Files\Java\jdk1.8.0_202
PATH=C:\Program Files (x86)\Common Files\Oracle\Java\javapath;C:\Python312\Scripts\;C:\Python312\;C:\Windows\System32\HWAudioDriverLibs;C:\Windows\system32;C:\Windows;C:\Windows\System32\Wbem;C:\Windows\System32\WindowsPowerShell\v1.0\;C:\Windows\System32\OpenSSH\;C:\Users\Administrator\AppData\Local\Microsoft\WindowsApps;C:\ProgramData\chocolatey\bin;C:\Program Files\nodejs\;D:\git\Git\cmd;D:\aws install\;D:\virtualisation\apache-maven-3.9.6\bin;D:\Xampp\apache\bin;D:\keycloak-24.0.4\bin;C:\Program Files\dotnet\;C:\Program Files\Microsoft SQL Server\150\Tools\Binn\;C:\Program Files\Microsoft SQL Server\Client SDK\ODBC\170\Tools\Binn\;C:\Program Files (x86)\Microsoft SQL Server\160\Tools\Binn\;C:\Program Files\Microsoft SQL Server\160\Tools\Binn\;C:\Program Files\Microsoft SQL Server\160\DTS\Binn\;C:\Program Files (x86)\Microsoft SQL Server\160\DTS\Binn\;C:\Program Files\Docker\Docker\resources\bin;C:\Program Files\Java\jdk1.8.0_202\bin;C:\Users\danie\AppData\Local\Microsoft\WindowsApps;D:\Nouveau dossier\Microsoft VS Code\bin;C:\Users\danie\AppData\Roaming\npm;C:\Program Files\JetBrains\IntelliJ IDEA 2023.3.4\bin;;C:\allure-2.28.0\bin;D:\keycloak-24.0.4\bin;C:\Users\danie\.dotnet\tools
USERNAME=User
OS=Windows_NT
PROCESSOR_IDENTIFIER=Intel64 Family 6 Model 140 Stepping 2, GenuineIntel



---------------  S Y S T E M  ---------------

OS:
 Windows 11 , 64 bit Build 22621 (10.0.22621.3672)
OS uptime: 9 days 22:27 hours
Hyper-V role detected

CPU: total 8 (initial active 8) (4 cores per cpu, 2 threads per core) family 6 model 140 stepping 2 microcode 0x16, cx8, cmov, fxsr, ht, mmx, 3dnowpref, sse, sse2, sse3, ssse3, sse4.1, sse4.2, popcnt, lzcnt, tsc, tscinvbit, avx, avx2, aes, erms, clmul, bmi1, bmi2, adx, avx512f, avx512dq, avx512cd, avx512bw, avx512vl, sha, fma, vzeroupper, avx512_vpopcntdq, avx512_vpclmulqdq, avx512_vaes, avx512_vnni, clflush, clflushopt, clwb, avx512_vbmi2, avx512_vbmi, hv

Memory: 4k page, system-wide physical 16167M (687M free)
TotalPageFile size 31527M (AvailPageFile size 11M)
current process WorkingSet (physical memory assigned to process): 133M, peak: 288M
current process commit charge ("private bytes"): 330M, peak: 380M

vm_info: Java HotSpot(TM) 64-Bit Server VM (17.0.6+9-LTS-190) for windows-amd64 JRE (17.0.6+9-LTS-190), built on Dec  6 2022 15:53:54 by "mach5one" with MS VC++ 17.1 (VS2022)

END.
